[2026-04-17 15:16:57] local.ERROR: SQLSTATE[HY000] [1045] Access denied for user 'root'@'localhost' (using password: YES) (Connection: mysql, SQL: select table_name as `name`, (data_length + index_length) as `size`, table_comment as `comment`, engine as `engine`, table_collation as `collation` from information_schema.tables where table_schema = 'restful-api-playground' and table_type in ('BASE TABLE', 'SYSTEM VERSIONED') order by table_name) {"exception":"[object] (Illuminate\\Database\\QueryException(code: 1045): SQLSTATE[HY000] [1045] Access denied for user 'root'@'localhost' (using password: YES) (Connection: mysql, SQL: select table_name as `name`, (data_length + index_length) as `size`, table_comment as `comment`, engine as `engine`, table_collation as `collation` from information_schema.tables where table_schema = 'restful-api-playground' and table_type in ('BASE TABLE', 'SYSTEM VERSIONED') order by table_name) at D:/Materi Dan Tugas Kuliah/Semester 4/INTEGRASI APLIKASI ENTERPRISE/restful-api-playground/vendor/laravel/framework/src/Illuminate/Database/Connection.php:829)
[stacktrace]
#0 D:/Materi Dan Tugas Kuliah/Semester 4/INTEGRASI APLIKASI ENTERPRISE/restful-api-playground/vendor/laravel/framework/src/Illuminate/Database/Connection.php(783): Illuminate/Database/Connection->runQueryCallback('select table_na...', Array, Object(Closure))
#1 D:/Materi Dan Tugas Kuliah/Semester 4/INTEGRASI APLIKASI ENTERPRISE/restful-api-playground/vendor/laravel/framework/src/Illuminate/Database/Connection.php(414): Illuminate/Database/Connection->run('select table_na...', Array, Object(Closure))
#2 D:/Materi Dan Tugas Kuliah/Semester 4/INTEGRASI APLIKASI ENTERPRISE/restful-api-playground/vendor/laravel/framework/src/Illuminate/Database/Connection.php(401): Illuminate/Database/Connection->select('select table_na...', Array, false)
#3 D:/Materi Dan Tugas Kuliah/Semester 4/INTEGRASI APLIKASI ENTERPRISE/restful-api-playground/vendor/laravel/framework/src/Illuminate/Database/Schema/MySqlBuilder.php(41): Illuminate/Database/Connection->selectFromWriteConnection('select table_na...')
#4 D:/Materi Dan Tugas Kuliah/Semester 4/INTEGRASI APLIKASI ENTERPRISE/restful-api-playground/vendor/laravel/framework/src/Illuminate/Database/Schema/Builder.php(165): Illuminate/Database/Schema/MySqlBuilder->getTables(false)
#5 D:/Materi Dan Tugas Kuliah/Semester 4/INTEGRASI APLIKASI ENTERPRISE/restful-api-playground/vendor/laravel/framework/src/Illuminate/Database/Migrations/DatabaseMigrationRepository.php(184): Illuminate/Database/Schema/Builder->hasTable('migrations')
#6 D:/Materi Dan Tugas Kuliah/Semester 4/INTEGRASI APLIKASI ENTERPRISE/restful-api-playground/vendor/laravel/framework/src/Illuminate/Database/Migrations/Migrator.php(727): Illuminate/Database/Migrations/DatabaseMigrationRepository->repositoryExists()
#7 D:/Materi Dan Tugas Kuliah/Semester 4/INTEGRASI APLIKASI ENTERPRISE/restful-api-playground/vendor/laravel/framework/src/Illuminate/Database/Console/Migrations/MigrateCommand.php(140): Illuminate/Database/Migrations/Migrator->repositoryExists()
#8 D:/Materi Dan Tugas Kuliah/Semester 4/INTEGRASI APLIKASI ENTERPRISE/restful-api-playground/vendor/laravel/framework/src/Illuminate/Support/helpers.php(261): Illuminate/Database/Console/Migrations/MigrateCommand->Illuminate/Database/Console/Migrations/{closure}(1)
#9 D:/Materi Dan Tugas Kuliah/Semester 4/INTEGRASI APLIKASI ENTERPRISE/restful-api-playground/vendor/laravel/framework/src/Illuminate/Database/Console/Migrations/MigrateCommand.php(140): retry(1, Object(Closure), 0, Object(Closure))
#10 D:/Materi Dan Tugas Kuliah/Semester 4/INTEGRASI APLIKASI ENTERPRISE/restful-api-playground/vendor/laravel/framework/src/Illuminate/Database/Console/Migrations/MigrateCommand.php(116): Illuminate/Database/Console/Migrations/MigrateCommand->repositoryExists()
#11 D:/Materi Dan Tugas Kuliah/Semester 4/INTEGRASI APLIKASI ENTERPRISE/restful-api-playground/vendor/laravel/framework/src/Illuminate/Database/Console/Migrations/MigrateCommand.php(84): Illuminate/Database/Console/Migrations/MigrateCommand->prepareDatabase()
#12 D:/Materi Dan Tugas Kuliah/Semester 4/INTEGRASI APLIKASI ENTERPRISE/restful-api-playground/vendor/laravel/framework/src/Illuminate/Database/Migrations/Migrator.php(641): Illuminate/Database/Console/Migrations/MigrateCommand->Illuminate/Database/Console/Migrations/{closure}()
#13 D:/Materi Dan Tugas Kuliah/Semester 4/INTEGRASI APLIKASI ENTERPRISE/restful-api-playground/vendor/laravel/framework/src/Illuminate/Database/Console/Migrations/MigrateCommand.php(83): Illuminate/Database/Migrations/Migrator->usingConnection(NULL, Object(Closure))
#14 D:/Materi Dan Tugas Kuliah/Semester 4/INTEGRASI APLIKASI ENTERPRISE/restful-api-playground/vendor/laravel/framework/src/Illuminate/Container/BoundMethod.php(36): Illuminate/Database/Console/Migrations/MigrateCommand->handle()
#15 D:/Materi Dan Tugas Kuliah/Semester 4/INTEGRASI APLIKASI ENTERPRISE/restful-api-playground/vendor/laravel/framework/src/Illuminate/Container/Util.php(41): Illuminate/Container/BoundMethod::Illuminate/Container/{closure}()
#16 D:/Materi Dan Tugas Kuliah/Semester 4/INTEGRASI APLIKASI ENTERPRISE/restful-api-playground/vendor/laravel/framework/src/Illuminate/Container/BoundMethod.php(93): Illuminate/Container/Util::unwrapIfClosure(Object(Closure))
#17 D:/Materi Dan Tugas Kuliah/Semester 4/INTEGRASI APLIKASI ENTERPRISE/restful-api-playground/vendor/laravel/framework/src/Illuminate/Container/BoundMethod.php(35): Illuminate/Container/BoundMethod::callBoundMethod(Object(Illuminate/Foundation/Application), Array, Object(Closure))
#18 D:/Materi Dan Tugas Kuliah/Semester 4/INTEGRASI APLIKASI ENTERPRISE/restful-api-playground/vendor/laravel/framework/src/Illuminate/Container/Container.php(662): Illuminate/Container/BoundMethod::call(Object(Illuminate/Foundation/Application), Array, Array, NULL)
#19 D:/Materi Dan Tugas Kuliah/Semester 4/INTEGRASI APLIKASI ENTERPRISE/restful-api-playground/vendor/laravel/framework/src/Illuminate/Console/Command.php(211): Illuminate/Container/Container->call(Array)
#20 D:/Materi Dan Tugas Kuliah/Semester 4/INTEGRASI APLIKASI ENTERPRISE/restful-api-playground/vendor/symfony/console/Command/Command.php(326): Illuminate/Console/Command->execute(Object(Symfony/Component/Console/Input/ArgvInput), Object(Illuminate/Console/OutputStyle))
#21 D:/Materi Dan Tugas Kuliah/Semester 4/INTEGRASI APLIKASI ENTERPRISE/restful-api-playground/vendor/laravel/framework/src/Illuminate/Console/Command.php(180): Symfony/Component/Console/Command/Command->run(Object(Symfony/Component/Console/Input/ArgvInput), Object(Illuminate/Console/OutputStyle))
#22 D:/Materi Dan Tugas Kuliah/Semester 4/INTEGRASI APLIKASI ENTERPRISE/restful-api-playground/vendor/symfony/console/Application.php(1121): Illuminate/Console/Command->run(Object(Symfony/Component/Console/Input/ArgvInput), Object(Symfony/Component/Console/Output/ConsoleOutput))
#23 D:/Materi Dan Tugas Kuliah/Semester 4/INTEGRASI APLIKASI ENTERPRISE/restful-api-playground/vendor/symfony/console/Application.php(324): Symfony/Component/Console/Application->doRunCommand(Object(Illuminate/Database/Console/Migrations/MigrateCommand), Object(Symfony/Component/Console/Input/ArgvInput), Object(Symfony/Component/Console/Output/ConsoleOutput))
#24 D:/Materi Dan Tugas Kuliah/Semester 4/INTEGRASI APLIKASI ENTERPRISE/restful-api-playground/vendor/symfony/console/Application.php(175): Symfony/Component/Console/Application->doRun(Object(Symfony/Component/Console/Input/ArgvInput), Object(Symfony/Component/Console/Output/ConsoleOutput))
#25 D:/Materi Dan Tugas Kuliah/Semester 4/INTEGRASI APLIKASI ENTERPRISE/restful-api-playground/vendor/laravel/framework/src/Illuminate/Foundation/Console/Kernel.php(201): Symfony/Component/Console/Application->run(Object(Symfony/Component/Console/Input/ArgvInput), Object(Symfony/Component/Console/Output/ConsoleOutput))
#26 D:/Materi Dan Tugas Kuliah/Semester 4/INTEGRASI APLIKASI ENTERPRISE/restful-api-playground/artisan(35): Illuminate/Foundation/Console/Kernel->handle(Object(Symfony/Component/Console/Input/ArgvInput), Object(Symfony/Component/Console/Output/ConsoleOutput))
#27 {main}

[previous exception] [object] (PDOException(code: 1045): SQLSTATE[HY000] [1045] Access denied for user 'root'@'localhost' (using password: YES) at D:/Materi Dan Tugas Kuliah/Semester 4/INTEGRASI APLIKASI ENTERPRISE/restful-api-playground/vendor/laravel/framework/src/Illuminate/Database/Connectors/Connector.php:65)
[stacktrace]
#0 D:/Materi Dan Tugas Kuliah/Semester 4/INTEGRASI APLIKASI ENTERPRISE/restful-api-playground/vendor/laravel/framework/src/Illuminate/Database/Connectors/Connector.php(65): PDO->__construct('mysql:host=127....', 'root', Object(SensitiveParameterValue), Array)
#1 D:/Materi Dan Tugas Kuliah/Semester 4/INTEGRASI APLIKASI ENTERPRISE/restful-api-playground/vendor/laravel/framework/src/Illuminate/Database/Connectors/Connector.php(44): Illuminate/Database/Connectors/Connector->createPdoConnection('mysql:host=127....', 'root', 'root', Array)
#2 D:/Materi Dan Tugas Kuliah/Semester 4/INTEGRASI APLIKASI ENTERPRISE/restful-api-playground/vendor/laravel/framework/src/Illuminate/Database/Connectors/MySqlConnector.php(24): Illuminate/Database/Connectors/Connector->createConnection('mysql:host=127....', Array, Array)
#3 D:/Materi Dan Tugas Kuliah/Semester 4/INTEGRASI APLIKASI ENTERPRISE/restful-api-playground/vendor/laravel/framework/src/Illuminate/Database/Connectors/ConnectionFactory.php(184): Illuminate/Database/Connectors/MySqlConnector->connect(Array)
#4 [internal function]: Illuminate/Database/Connectors/ConnectionFactory->Illuminate/Database/Connectors/{closure}()
#5 D:/Materi Dan Tugas Kuliah/Semester 4/INTEGRASI APLIKASI ENTERPRISE/restful-api-playground/vendor/laravel/framework/src/Illuminate/Database/Connection.php(1339): call_user_func(Object(Closure))
#6 D:/Materi Dan Tugas Kuliah/Semester 4/INTEGRASI APLIKASI ENTERPRISE/restful-api-playground/vendor/laravel/framework/src/Illuminate/Database/Connection.php(528): Illuminate/Database/Connection->getPdo()
#7 D:/Materi Dan Tugas Kuliah/Semester 4/INTEGRASI APLIKASI ENTERPRISE/restful-api-playground/vendor/laravel/framework/src/Illuminate/Database/Connection.php(423): Illuminate/Database/Connection->getPdoForSelect(false)
#8 D:/Materi Dan Tugas Kuliah/Semester 4/INTEGRASI APLIKASI ENTERPRISE/restful-api-playground/vendor/laravel/framework/src/Illuminate/Database/Connection.php(816): Illuminate/Database/Connection->Illuminate/Database/{closure}('select table_na...', Array)
#9 D:/Materi Dan Tugas Kuliah/Semester 4/INTEGRASI APLIKASI ENTERPRISE/restful-api-playground/vendor/laravel/framework/src/Illuminate/Database/Connection.php(783): Illuminate/Database/Connection->runQueryCallback('select table_na...', Array, Object(Closure))
#10 D:/Materi Dan Tugas Kuliah/Semester 4/INTEGRASI APLIKASI ENTERPRISE/restful-api-playground/vendor/laravel/framework/src/Illuminate/Database/Connection.php(414): Illuminate/Database/Connection->run('select table_na...', Array, Object(Closure))
#11 D:/Materi Dan Tugas Kuliah/Semester 4/INTEGRASI APLIKASI ENTERPRISE/restful-api-playground/vendor/laravel/framework/src/Illuminate/Database/Connection.php(401): Illuminate/Database/Connection->select('select table_na...', Array, false)
#12 D:/Materi Dan Tugas Kuliah/Semester 4/INTEGRASI APLIKASI ENTERPRISE/restful-api-playground/vendor/laravel/framework/src/Illuminate/Database/Schema/MySqlBuilder.php(41): Illuminate/Database/Connection->selectFromWriteConnection('select table_na...')
#13 D:/Materi Dan Tugas Kuliah/Semester 4/INTEGRASI APLIKASI ENTERPRISE/restful-api-playground/vendor/laravel/framework/src/Illuminate/Database/Schema/Builder.php(165): Illuminate/Database/Schema/MySqlBuilder->getTables(false)
#14 D:/Materi Dan Tugas Kuliah/Semester 4/INTEGRASI APLIKASI ENTERPRISE/restful-api-playground/vendor/laravel/framework/src/Illuminate/Database/Migrations/DatabaseMigrationRepository.php(184): Illuminate/Database/Schema/Builder->hasTable('migrations')
#15 D:/Materi Dan Tugas Kuliah/Semester 4/INTEGRASI APLIKASI ENTERPRISE/restful-api-playground/vendor/laravel/framework/src/Illuminate/Database/Migrations/Migrator.php(727): Illuminate/Database/Migrations/DatabaseMigrationRepository->repositoryExists()
#16 D:/Materi Dan Tugas Kuliah/Semester 4/INTEGRASI APLIKASI ENTERPRISE/restful-api-playground/vendor/laravel/framework/src/Illuminate/Database/Console/Migrations/MigrateCommand.php(140): Illuminate/Database/Migrations/Migrator->repositoryExists()
#17 D:/Materi Dan Tugas Kuliah/Semester 4/INTEGRASI APLIKASI ENTERPRISE/restful-api-playground/vendor/laravel/framework/src/Illuminate/Support/helpers.php(261): Illuminate/Database/Console/Migrations/MigrateCommand->Illuminate/Database/Console/Migrations/{closure}(1)
#18 D:/Materi Dan Tugas Kuliah/Semester 4/INTEGRASI APLIKASI ENTERPRISE/restful-api-playground/vendor/laravel/framework/src/Illuminate/Database/Console/Migrations/MigrateCommand.php(140): retry(1, Object(Closure), 0, Object(Closure))
#19 D:/Materi Dan Tugas Kuliah/Semester 4/INTEGRASI APLIKASI ENTERPRISE/restful-api-playground/vendor/laravel/framework/src/Illuminate/Database/Console/Migrations/MigrateCommand.php(116): Illuminate/Database/Console/Migrations/MigrateCommand->repositoryExists()
#20 D:/Materi Dan Tugas Kuliah/Semester 4/INTEGRASI APLIKASI ENTERPRISE/restful-api-playground/vendor/laravel/framework/src/Illuminate/Database/Console/Migrations/MigrateCommand.php(84): Illuminate/Database/Console/Migrations/MigrateCommand->prepareDatabase()
#21 D:/Materi Dan Tugas Kuliah/Semester 4/INTEGRASI APLIKASI ENTERPRISE/restful-api-playground/vendor/laravel/framework/src/Illuminate/Database/Migrations/Migrator.php(641): Illuminate/Database/Console/Migrations/MigrateCommand->Illuminate/Database/Console/Migrations/{closure}()
#22 D:/Materi Dan Tugas Kuliah/Semester 4/INTEGRASI APLIKASI ENTERPRISE/restful-api-playground/vendor/laravel/framework/src/Illuminate/Database/Console/Migrations/MigrateCommand.php(83): Illuminate/Database/Migrations/Migrator->usingConnection(NULL, Object(Closure))
#23 D:/Materi Dan Tugas Kuliah/Semester 4/INTEGRASI APLIKASI ENTERPRISE/restful-api-playground/vendor/laravel/framework/src/Illuminate/Container/BoundMethod.php(36): Illuminate/Database/Console/Migrations/MigrateCommand->handle()
#24 D:/Materi Dan Tugas Kuliah/Semester 4/INTEGRASI APLIKASI ENTERPRISE/restful-api-playground/vendor/laravel/framework/src/Illuminate/Container/Util.php(41): Illuminate/Container/BoundMethod::Illuminate/Container/{closure}()
#25 D:/Materi Dan Tugas Kuliah/Semester 4/INTEGRASI APLIKASI ENTERPRISE/restful-api-playground/vendor/laravel/framework/src/Illuminate/Container/BoundMethod.php(93): Illuminate/Container/Util::unwrapIfClosure(Object(Closure))
#26 D:/Materi Dan Tugas Kuliah/Semester 4/INTEGRASI APLIKASI ENTERPRISE/restful-api-playground/vendor/laravel/framework/src/Illuminate/Container/BoundMethod.php(35): Illuminate/Container/BoundMethod::callBoundMethod(Object(Illuminate/Foundation/Application), Array, Object(Closure))
#27 D:/Materi Dan Tugas Kuliah/Semester 4/INTEGRASI APLIKASI ENTERPRISE/restful-api-playground/vendor/laravel/framework/src/Illuminate/Container/Container.php(662): Illuminate/Container/BoundMethod::call(Object(Illuminate/Foundation/Application), Array, Array, NULL)
#28 D:/Materi Dan Tugas Kuliah/Semester 4/INTEGRASI APLIKASI ENTERPRISE/restful-api-playground/vendor/laravel/framework/src/Illuminate/Console/Command.php(211): Illuminate/Container/Container->call(Array)
#29 D:/Materi Dan Tugas Kuliah/Semester 4/INTEGRASI APLIKASI ENTERPRISE/restful-api-playground/vendor/symfony/console/Command/Command.php(326): Illuminate/Console/Command->execute(Object(Symfony/Component/Console/Input/ArgvInput), Object(Illuminate/Console/OutputStyle))
#30 D:/Materi Dan Tugas Kuliah/Semester 4/INTEGRASI APLIKASI ENTERPRISE/restful-api-playground/vendor/laravel/framework/src/Illuminate/Console/Command.php(180): Symfony/Component/Console/Command/Command->run(Object(Symfony/Component/Console/Input/ArgvInput), Object(Illuminate/Console/OutputStyle))
#31 D:/Materi Dan Tugas Kuliah/Semester 4/INTEGRASI APLIKASI ENTERPRISE/restful-api-playground/vendor/symfony/console/Application.php(1121): Illuminate/Console/Command->run(Object(Symfony/Component/Console/Input/ArgvInput), Object(Symfony/Component/Console/Output/ConsoleOutput))
#32 D:/Materi Dan Tugas Kuliah/Semester 4/INTEGRASI APLIKASI ENTERPRISE/restful-api-playground/vendor/symfony/console/Application.php(324): Symfony/Component/Console/Application->doRunCommand(Object(Illuminate/Database/Console/Migrations/MigrateCommand), Object(Symfony/Component/Console/Input/ArgvInput), Object(Symfony/Component/Console/Output/ConsoleOutput))
#33 D:/Materi Dan Tugas Kuliah/Semester 4/INTEGRASI APLIKASI ENTERPRISE/restful-api-playground/vendor/symfony/console/Application.php(175): Symfony/Component/Console/Application->doRun(Object(Symfony/Component/Console/Input/ArgvInput), Object(Symfony/Component/Console/Output/ConsoleOutput))
#34 D:/Materi Dan Tugas Kuliah/Semester 4/INTEGRASI APLIKASI ENTERPRISE/restful-api-playground/vendor/laravel/framework/src/Illuminate/Foundation/Console/Kernel.php(201): Symfony/Component/Console/Application->run(Object(Symfony/Component/Console/Input/ArgvInput), Object(Symfony/Component/Console/Output/ConsoleOutput))
#35 D:/Materi Dan Tugas Kuliah/Semester 4/INTEGRASI APLIKASI ENTERPRISE/restful-api-playground/artisan(35): Illuminate/Foundation/Console/Kernel->handle(Object(Symfony/Component/Console/Input/ArgvInput), Object(Symfony/Component/Console/Output/ConsoleOutput))
#36 {main}
"} 
[2026-04-18 06:34:55] local.ERROR: SQLSTATE[HY000] [1045] Access denied for user 'root'@'localhost' (using password: YES) (Connection: mysql, SQL: select table_name as `name`, (data_length + index_length) as `size`, table_comment as `comment`, engine as `engine`, table_collation as `collation` from information_schema.tables where table_schema = 'restful-api-playground' and table_type in ('BASE TABLE', 'SYSTEM VERSIONED') order by table_name) {"exception":"[object] (Illuminate\\Database\\QueryException(code: 1045): SQLSTATE[HY000] [1045] Access denied for user 'root'@'localhost' (using password: YES) (Connection: mysql, SQL: select table_name as `name`, (data_length + index_length) as `size`, table_comment as `comment`, engine as `engine`, table_collation as `collation` from information_schema.tables where table_schema = 'restful-api-playground' and table_type in ('BASE TABLE', 'SYSTEM VERSIONED') order by table_name) at D:/Materi Dan Tugas Kuliah/Semester 4/INTEGRASI APLIKASI ENTERPRISE/restful-api-playground/vendor/laravel/framework/src/Illuminate/Database/Connection.php:829)
[stacktrace]
#0 D:/Materi Dan Tugas Kuliah/Semester 4/INTEGRASI APLIKASI ENTERPRISE/restful-api-playground/vendor/laravel/framework/src/Illuminate/Database/Connection.php(783): Illuminate/Database/Connection->runQueryCallback('select table_na...', Array, Object(Closure))
#1 D:/Materi Dan Tugas Kuliah/Semester 4/INTEGRASI APLIKASI ENTERPRISE/restful-api-playground/vendor/laravel/framework/src/Illuminate/Database/Connection.php(414): Illuminate/Database/Connection->run('select table_na...', Array, Object(Closure))
#2 D:/Materi Dan Tugas Kuliah/Semester 4/INTEGRASI APLIKASI ENTERPRISE/restful-api-playground/vendor/laravel/framework/src/Illuminate/Database/Connection.php(401): Illuminate/Database/Connection->select('select table_na...', Array, false)
#3 D:/Materi Dan Tugas Kuliah/Semester 4/INTEGRASI APLIKASI ENTERPRISE/restful-api-playground/vendor/laravel/framework/src/Illuminate/Database/Schema/MySqlBuilder.php(41): Illuminate/Database/Connection->selectFromWriteConnection('select table_na...')
#4 D:/Materi Dan Tugas Kuliah/Semester 4/INTEGRASI APLIKASI ENTERPRISE/restful-api-playground/vendor/laravel/framework/src/Illuminate/Database/Schema/Builder.php(165): Illuminate/Database/Schema/MySqlBuilder->getTables(false)
#5 D:/Materi Dan Tugas Kuliah/Semester 4/INTEGRASI APLIKASI ENTERPRISE/restful-api-playground/vendor/laravel/framework/src/Illuminate/Database/Migrations/DatabaseMigrationRepository.php(184): Illuminate/Database/Schema/Builder->hasTable('migrations')
#6 D:/Materi Dan Tugas Kuliah/Semester 4/INTEGRASI APLIKASI ENTERPRISE/restful-api-playground/vendor/laravel/framework/src/Illuminate/Database/Migrations/Migrator.php(727): Illuminate/Database/Migrations/DatabaseMigrationRepository->repositoryExists()
#7 D:/Materi Dan Tugas Kuliah/Semester 4/INTEGRASI APLIKASI ENTERPRISE/restful-api-playground/vendor/laravel/framework/src/Illuminate/Database/Console/Migrations/MigrateCommand.php(140): Illuminate/Database/Migrations/Migrator->repositoryExists()
#8 D:/Materi Dan Tugas Kuliah/Semester 4/INTEGRASI APLIKASI ENTERPRISE/restful-api-playground/vendor/laravel/framework/src/Illuminate/Support/helpers.php(261): Illuminate/Database/Console/Migrations/MigrateCommand->Illuminate/Database/Console/Migrations/{closure}(1)
#9 D:/Materi Dan Tugas Kuliah/Semester 4/INTEGRASI APLIKASI ENTERPRISE/restful-api-playground/vendor/laravel/framework/src/Illuminate/Database/Console/Migrations/MigrateCommand.php(140): retry(1, Object(Closure), 0, Object(Closure))
#10 D:/Materi Dan Tugas Kuliah/Semester 4/INTEGRASI APLIKASI ENTERPRISE/restful-api-playground/vendor/laravel/framework/src/Illuminate/Database/Console/Migrations/MigrateCommand.php(116): Illuminate/Database/Console/Migrations/MigrateCommand->repositoryExists()
#11 D:/Materi Dan Tugas Kuliah/Semester 4/INTEGRASI APLIKASI ENTERPRISE/restful-api-playground/vendor/laravel/framework/src/Illuminate/Database/Console/Migrations/MigrateCommand.php(84): Illuminate/Database/Console/Migrations/MigrateCommand->prepareDatabase()
#12 D:/Materi Dan Tugas Kuliah/Semester 4/INTEGRASI APLIKASI ENTERPRISE/restful-api-playground/vendor/laravel/framework/src/Illuminate/Database/Migrations/Migrator.php(641): Illuminate/Database/Console/Migrations/MigrateCommand->Illuminate/Database/Console/Migrations/{closure}()
#13 D:/Materi Dan Tugas Kuliah/Semester 4/INTEGRASI APLIKASI ENTERPRISE/restful-api-playground/vendor/laravel/framework/src/Illuminate/Database/Console/Migrations/MigrateCommand.php(83): Illuminate/Database/Migrations/Migrator->usingConnection(NULL, Object(Closure))
#14 D:/Materi Dan Tugas Kuliah/Semester 4/INTEGRASI APLIKASI ENTERPRISE/restful-api-playground/vendor/laravel/framework/src/Illuminate/Container/BoundMethod.php(36): Illuminate/Database/Console/Migrations/MigrateCommand->handle()
#15 D:/Materi Dan Tugas Kuliah/Semester 4/INTEGRASI APLIKASI ENTERPRISE/restful-api-playground/vendor/laravel/framework/src/Illuminate/Container/Util.php(41): Illuminate/Container/BoundMethod::Illuminate/Container/{closure}()
#16 D:/Materi Dan Tugas Kuliah/Semester 4/INTEGRASI APLIKASI ENTERPRISE/restful-api-playground/vendor/laravel/framework/src/Illuminate/Container/BoundMethod.php(93): Illuminate/Container/Util::unwrapIfClosure(Object(Closure))
#17 D:/Materi Dan Tugas Kuliah/Semester 4/INTEGRASI APLIKASI ENTERPRISE/restful-api-playground/vendor/laravel/framework/src/Illuminate/Container/BoundMethod.php(35): Illuminate/Container/BoundMethod::callBoundMethod(Object(Illuminate/Foundation/Application), Array, Object(Closure))
#18 D:/Materi Dan Tugas Kuliah/Semester 4/INTEGRASI APLIKASI ENTERPRISE/restful-api-playground/vendor/laravel/framework/src/Illuminate/Container/Container.php(662): Illuminate/Container/BoundMethod::call(Object(Illuminate/Foundation/Application), Array, Array, NULL)
#19 D:/Materi Dan Tugas Kuliah/Semester 4/INTEGRASI APLIKASI ENTERPRISE/restful-api-playground/vendor/laravel/framework/src/Illuminate/Console/Command.php(211): Illuminate/Container/Container->call(Array)
#20 D:/Materi Dan Tugas Kuliah/Semester 4/INTEGRASI APLIKASI ENTERPRISE/restful-api-playground/vendor/symfony/console/Command/Command.php(326): Illuminate/Console/Command->execute(Object(Symfony/Component/Console/Input/ArgvInput), Object(Illuminate/Console/OutputStyle))
#21 D:/Materi Dan Tugas Kuliah/Semester 4/INTEGRASI APLIKASI ENTERPRISE/restful-api-playground/vendor/laravel/framework/src/Illuminate/Console/Command.php(180): Symfony/Component/Console/Command/Command->run(Object(Symfony/Component/Console/Input/ArgvInput), Object(Illuminate/Console/OutputStyle))
#22 D:/Materi Dan Tugas Kuliah/Semester 4/INTEGRASI APLIKASI ENTERPRISE/restful-api-playground/vendor/symfony/console/Application.php(1121): Illuminate/Console/Command->run(Object(Symfony/Component/Console/Input/ArgvInput), Object(Symfony/Component/Console/Output/ConsoleOutput))
#23 D:/Materi Dan Tugas Kuliah/Semester 4/INTEGRASI APLIKASI ENTERPRISE/restful-api-playground/vendor/symfony/console/Application.php(324): Symfony/Component/Console/Application->doRunCommand(Object(Illuminate/Database/Console/Migrations/MigrateCommand), Object(Symfony/Component/Console/Input/ArgvInput), Object(Symfony/Component/Console/Output/ConsoleOutput))
#24 D:/Materi Dan Tugas Kuliah/Semester 4/INTEGRASI APLIKASI ENTERPRISE/restful-api-playground/vendor/symfony/console/Application.php(175): Symfony/Component/Console/Application->doRun(Object(Symfony/Component/Console/Input/ArgvInput), Object(Symfony/Component/Console/Output/ConsoleOutput))
#25 D:/Materi Dan Tugas Kuliah/Semester 4/INTEGRASI APLIKASI ENTERPRISE/restful-api-playground/vendor/laravel/framework/src/Illuminate/Foundation/Console/Kernel.php(201): Symfony/Component/Console/Application->run(Object(Symfony/Component/Console/Input/ArgvInput), Object(Symfony/Component/Console/Output/ConsoleOutput))
#26 D:/Materi Dan Tugas Kuliah/Semester 4/INTEGRASI APLIKASI ENTERPRISE/restful-api-playground/artisan(35): Illuminate/Foundation/Console/Kernel->handle(Object(Symfony/Component/Console/Input/ArgvInput), Object(Symfony/Component/Console/Output/ConsoleOutput))
#27 {main}

[previous exception] [object] (PDOException(code: 1045): SQLSTATE[HY000] [1045] Access denied for user 'root'@'localhost' (using password: YES) at D:/Materi Dan Tugas Kuliah/Semester 4/INTEGRASI APLIKASI ENTERPRISE/restful-api-playground/vendor/laravel/framework/src/Illuminate/Database/Connectors/Connector.php:65)
[stacktrace]
#0 D:/Materi Dan Tugas Kuliah/Semester 4/INTEGRASI APLIKASI ENTERPRISE/restful-api-playground/vendor/laravel/framework/src/Illuminate/Database/Connectors/Connector.php(65): PDO->__construct('mysql:host=127....', 'root', Object(SensitiveParameterValue), Array)
#1 D:/Materi Dan Tugas Kuliah/Semester 4/INTEGRASI APLIKASI ENTERPRISE/restful-api-playground/vendor/laravel/framework/src/Illuminate/Database/Connectors/Connector.php(44): Illuminate/Database/Connectors/Connector->createPdoConnection('mysql:host=127....', 'root', 'root', Array)
#2 D:/Materi Dan Tugas Kuliah/Semester 4/INTEGRASI APLIKASI ENTERPRISE/restful-api-playground/vendor/laravel/framework/src/Illuminate/Database/Connectors/MySqlConnector.php(24): Illuminate/Database/Connectors/Connector->createConnection('mysql:host=127....', Array, Array)
#3 D:/Materi Dan Tugas Kuliah/Semester 4/INTEGRASI APLIKASI ENTERPRISE/restful-api-playground/vendor/laravel/framework/src/Illuminate/Database/Connectors/ConnectionFactory.php(184): Illuminate/Database/Connectors/MySqlConnector->connect(Array)
#4 [internal function]: Illuminate/Database/Connectors/ConnectionFactory->Illuminate/Database/Connectors/{closure}()
#5 D:/Materi Dan Tugas Kuliah/Semester 4/INTEGRASI APLIKASI ENTERPRISE/restful-api-playground/vendor/laravel/framework/src/Illuminate/Database/Connection.php(1339): call_user_func(Object(Closure))
#6 D:/Materi Dan Tugas Kuliah/Semester 4/INTEGRASI APLIKASI ENTERPRISE/restful-api-playground/vendor/laravel/framework/src/Illuminate/Database/Connection.php(528): Illuminate/Database/Connection->getPdo()
#7 D:/Materi Dan Tugas Kuliah/Semester 4/INTEGRASI APLIKASI ENTERPRISE/restful-api-playground/vendor/laravel/framework/src/Illuminate/Database/Connection.php(423): Illuminate/Database/Connection->getPdoForSelect(false)
#8 D:/Materi Dan Tugas Kuliah/Semester 4/INTEGRASI APLIKASI ENTERPRISE/restful-api-playground/vendor/laravel/framework/src/Illuminate/Database/Connection.php(816): Illuminate/Database/Connection->Illuminate/Database/{closure}('select table_na...', Array)
#9 D:/Materi Dan Tugas Kuliah/Semester 4/INTEGRASI APLIKASI ENTERPRISE/restful-api-playground/vendor/laravel/framework/src/Illuminate/Database/Connection.php(783): Illuminate/Database/Connection->runQueryCallback('select table_na...', Array, Object(Closure))
#10 D:/Materi Dan Tugas Kuliah/Semester 4/INTEGRASI APLIKASI ENTERPRISE/restful-api-playground/vendor/laravel/framework/src/Illuminate/Database/Connection.php(414): Illuminate/Database/Connection->run('select table_na...', Array, Object(Closure))
#11 D:/Materi Dan Tugas Kuliah/Semester 4/INTEGRASI APLIKASI ENTERPRISE/restful-api-playground/vendor/laravel/framework/src/Illuminate/Database/Connection.php(401): Illuminate/Database/Connection->select('select table_na...', Array, false)
#12 D:/Materi Dan Tugas Kuliah/Semester 4/INTEGRASI APLIKASI ENTERPRISE/restful-api-playground/vendor/laravel/framework/src/Illuminate/Database/Schema/MySqlBuilder.php(41): Illuminate/Database/Connection->selectFromWriteConnection('select table_na...')
#13 D:/Materi Dan Tugas Kuliah/Semester 4/INTEGRASI APLIKASI ENTERPRISE/restful-api-playground/vendor/laravel/framework/src/Illuminate/Database/Schema/Builder.php(165): Illuminate/Database/Schema/MySqlBuilder->getTables(false)
#14 D:/Materi Dan Tugas Kuliah/Semester 4/INTEGRASI APLIKASI ENTERPRISE/restful-api-playground/vendor/laravel/framework/src/Illuminate/Database/Migrations/DatabaseMigrationRepository.php(184): Illuminate/Database/Schema/Builder->hasTable('migrations')
#15 D:/Materi Dan Tugas Kuliah/Semester 4/INTEGRASI APLIKASI ENTERPRISE/restful-api-playground/vendor/laravel/framework/src/Illuminate/Database/Migrations/Migrator.php(727): Illuminate/Database/Migrations/DatabaseMigrationRepository->repositoryExists()
#16 D:/Materi Dan Tugas Kuliah/Semester 4/INTEGRASI APLIKASI ENTERPRISE/restful-api-playground/vendor/laravel/framework/src/Illuminate/Database/Console/Migrations/MigrateCommand.php(140): Illuminate/Database/Migrations/Migrator->repositoryExists()
#17 D:/Materi Dan Tugas Kuliah/Semester 4/INTEGRASI APLIKASI ENTERPRISE/restful-api-playground/vendor/laravel/framework/src/Illuminate/Support/helpers.php(261): Illuminate/Database/Console/Migrations/MigrateCommand->Illuminate/Database/Console/Migrations/{closure}(1)
#18 D:/Materi Dan Tugas Kuliah/Semester 4/INTEGRASI APLIKASI ENTERPRISE/restful-api-playground/vendor/laravel/framework/src/Illuminate/Database/Console/Migrations/MigrateCommand.php(140): retry(1, Object(Closure), 0, Object(Closure))
#19 D:/Materi Dan Tugas Kuliah/Semester 4/INTEGRASI APLIKASI ENTERPRISE/restful-api-playground/vendor/laravel/framework/src/Illuminate/Database/Console/Migrations/MigrateCommand.php(116): Illuminate/Database/Console/Migrations/MigrateCommand->repositoryExists()
#20 D:/Materi Dan Tugas Kuliah/Semester 4/INTEGRASI APLIKASI ENTERPRISE/restful-api-playground/vendor/laravel/framework/src/Illuminate/Database/Console/Migrations/MigrateCommand.php(84): Illuminate/Database/Console/Migrations/MigrateCommand->prepareDatabase()
#21 D:/Materi Dan Tugas Kuliah/Semester 4/INTEGRASI APLIKASI ENTERPRISE/restful-api-playground/vendor/laravel/framework/src/Illuminate/Database/Migrations/Migrator.php(641): Illuminate/Database/Console/Migrations/MigrateCommand->Illuminate/Database/Console/Migrations/{closure}()
#22 D:/Materi Dan Tugas Kuliah/Semester 4/INTEGRASI APLIKASI ENTERPRISE/restful-api-playground/vendor/laravel/framework/src/Illuminate/Database/Console/Migrations/MigrateCommand.php(83): Illuminate/Database/Migrations/Migrator->usingConnection(NULL, Object(Closure))
#23 D:/Materi Dan Tugas Kuliah/Semester 4/INTEGRASI APLIKASI ENTERPRISE/restful-api-playground/vendor/laravel/framework/src/Illuminate/Container/BoundMethod.php(36): Illuminate/Database/Console/Migrations/MigrateCommand->handle()
#24 D:/Materi Dan Tugas Kuliah/Semester 4/INTEGRASI APLIKASI ENTERPRISE/restful-api-playground/vendor/laravel/framework/src/Illuminate/Container/Util.php(41): Illuminate/Container/BoundMethod::Illuminate/Container/{closure}()
#25 D:/Materi Dan Tugas Kuliah/Semester 4/INTEGRASI APLIKASI ENTERPRISE/restful-api-playground/vendor/laravel/framework/src/Illuminate/Container/BoundMethod.php(93): Illuminate/Container/Util::unwrapIfClosure(Object(Closure))
#26 D:/Materi Dan Tugas Kuliah/Semester 4/INTEGRASI APLIKASI ENTERPRISE/restful-api-playground/vendor/laravel/framework/src/Illuminate/Container/BoundMethod.php(35): Illuminate/Container/BoundMethod::callBoundMethod(Object(Illuminate/Foundation/Application), Array, Object(Closure))
#27 D:/Materi Dan Tugas Kuliah/Semester 4/INTEGRASI APLIKASI ENTERPRISE/restful-api-playground/vendor/laravel/framework/src/Illuminate/Container/Container.php(662): Illuminate/Container/BoundMethod::call(Object(Illuminate/Foundation/Application), Array, Array, NULL)
#28 D:/Materi Dan Tugas Kuliah/Semester 4/INTEGRASI APLIKASI ENTERPRISE/restful-api-playground/vendor/laravel/framework/src/Illuminate/Console/Command.php(211): Illuminate/Container/Container->call(Array)
#29 D:/Materi Dan Tugas Kuliah/Semester 4/INTEGRASI APLIKASI ENTERPRISE/restful-api-playground/vendor/symfony/console/Command/Command.php(326): Illuminate/Console/Command->execute(Object(Symfony/Component/Console/Input/ArgvInput), Object(Illuminate/Console/OutputStyle))
#30 D:/Materi Dan Tugas Kuliah/Semester 4/INTEGRASI APLIKASI ENTERPRISE/restful-api-playground/vendor/laravel/framework/src/Illuminate/Console/Command.php(180): Symfony/Component/Console/Command/Command->run(Object(Symfony/Component/Console/Input/ArgvInput), Object(Illuminate/Console/OutputStyle))
#31 D:/Materi Dan Tugas Kuliah/Semester 4/INTEGRASI APLIKASI ENTERPRISE/restful-api-playground/vendor/symfony/console/Application.php(1121): Illuminate/Console/Command->run(Object(Symfony/Component/Console/Input/ArgvInput), Object(Symfony/Component/Console/Output/ConsoleOutput))
#32 D:/Materi Dan Tugas Kuliah/Semester 4/INTEGRASI APLIKASI ENTERPRISE/restful-api-playground/vendor/symfony/console/Application.php(324): Symfony/Component/Console/Application->doRunCommand(Object(Illuminate/Database/Console/Migrations/MigrateCommand), Object(Symfony/Component/Console/Input/ArgvInput), Object(Symfony/Component/Console/Output/ConsoleOutput))
#33 D:/Materi Dan Tugas Kuliah/Semester 4/INTEGRASI APLIKASI ENTERPRISE/restful-api-playground/vendor/symfony/console/Application.php(175): Symfony/Component/Console/Application->doRun(Object(Symfony/Component/Console/Input/ArgvInput), Object(Symfony/Component/Console/Output/ConsoleOutput))
#34 D:/Materi Dan Tugas Kuliah/Semester 4/INTEGRASI APLIKASI ENTERPRISE/restful-api-playground/vendor/laravel/framework/src/Illuminate/Foundation/Console/Kernel.php(201): Symfony/Component/Console/Application->run(Object(Symfony/Component/Console/Input/ArgvInput), Object(Symfony/Component/Console/Output/ConsoleOutput))
#35 D:/Materi Dan Tugas Kuliah/Semester 4/INTEGRASI APLIKASI ENTERPRISE/restful-api-playground/artisan(35): Illuminate/Foundation/Console/Kernel->handle(Object(Symfony/Component/Console/Input/ArgvInput), Object(Symfony/Component/Console/Output/ConsoleOutput))
#36 {main}
"} 
[2026-04-18 11:22:56] local.ERROR: SQLSTATE[23000]: Integrity constraint violation: 1048 Column 'name' cannot be null (Connection: mysql, SQL: update `students` set `name` = ?, `students`.`updated_at` = 2026-04-18 11:22:55 where `id` = 1) {"exception":"[object] (Illuminate\\Database\\QueryException(code: 23000): SQLSTATE[23000]: Integrity constraint violation: 1048 Column 'name' cannot be null (Connection: mysql, SQL: update `students` set `name` = ?, `students`.`updated_at` = 2026-04-18 11:22:55 where `id` = 1) at D:/Materi Dan Tugas Kuliah/Semester 4/INTEGRASI APLIKASI ENTERPRISE/restful-api-playground/vendor/laravel/framework/src/Illuminate/Database/Connection.php:829)
[stacktrace]
#0 D:/Materi Dan Tugas Kuliah/Semester 4/INTEGRASI APLIKASI ENTERPRISE/restful-api-playground/vendor/laravel/framework/src/Illuminate/Database/Connection.php(783): Illuminate/Database/Connection->runQueryCallback('update `student...', Array, Object(Closure))
#1 D:/Materi Dan Tugas Kuliah/Semester 4/INTEGRASI APLIKASI ENTERPRISE/restful-api-playground/vendor/laravel/framework/src/Illuminate/Database/Connection.php(600): Illuminate/Database/Connection->run('update `student...', Array, Object(Closure))
#2 D:/Materi Dan Tugas Kuliah/Semester 4/INTEGRASI APLIKASI ENTERPRISE/restful-api-playground/vendor/laravel/framework/src/Illuminate/Database/Connection.php(552): Illuminate/Database/Connection->affectingStatement('update `student...', Array)
#3 D:/Materi Dan Tugas Kuliah/Semester 4/INTEGRASI APLIKASI ENTERPRISE/restful-api-playground/vendor/laravel/framework/src/Illuminate/Database/Query/Builder.php(3602): Illuminate/Database/Connection->update('update `student...', Array)
#4 D:/Materi Dan Tugas Kuliah/Semester 4/INTEGRASI APLIKASI ENTERPRISE/restful-api-playground/vendor/laravel/framework/src/Illuminate/Database/Eloquent/Builder.php(1061): Illuminate/Database/Query/Builder->update(Array)
#5 D:/Materi Dan Tugas Kuliah/Semester 4/INTEGRASI APLIKASI ENTERPRISE/restful-api-playground/vendor/laravel/framework/src/Illuminate/Database/Eloquent/Model.php(1214): Illuminate/Database/Eloquent/Builder->update(Array)
#6 D:/Materi Dan Tugas Kuliah/Semester 4/INTEGRASI APLIKASI ENTERPRISE/restful-api-playground/vendor/laravel/framework/src/Illuminate/Database/Eloquent/Model.php(1131): Illuminate/Database/Eloquent/Model->performUpdate(Object(Illuminate/Database/Eloquent/Builder))
#7 D:/Materi Dan Tugas Kuliah/Semester 4/INTEGRASI APLIKASI ENTERPRISE/restful-api-playground/vendor/laravel/framework/src/Illuminate/Database/Eloquent/Model.php(991): Illuminate/Database/Eloquent/Model->save(Array)
#8 D:/Materi Dan Tugas Kuliah/Semester 4/INTEGRASI APLIKASI ENTERPRISE/restful-api-playground/app/Http/Controllers/StudentController.php(62): Illuminate/Database/Eloquent/Model->update(Array)
#9 D:/Materi Dan Tugas Kuliah/Semester 4/INTEGRASI APLIKASI ENTERPRISE/restful-api-playground/vendor/laravel/framework/src/Illuminate/Routing/Controller.php(54): App/Http/Controllers/StudentController->update(Object(Illuminate/Http/Request), '1')
#10 D:/Materi Dan Tugas Kuliah/Semester 4/INTEGRASI APLIKASI ENTERPRISE/restful-api-playground/vendor/laravel/framework/src/Illuminate/Routing/ControllerDispatcher.php(43): Illuminate/Routing/Controller->callAction('update', Array)
#11 D:/Materi Dan Tugas Kuliah/Semester 4/INTEGRASI APLIKASI ENTERPRISE/restful-api-playground/vendor/laravel/framework/src/Illuminate/Routing/Route.php(259): Illuminate/Routing/ControllerDispatcher->dispatch(Object(Illuminate/Routing/Route), Object(App/Http/Controllers/StudentController), 'update')
#12 D:/Materi Dan Tugas Kuliah/Semester 4/INTEGRASI APLIKASI ENTERPRISE/restful-api-playground/vendor/laravel/framework/src/Illuminate/Routing/Route.php(205): Illuminate/Routing/Route->runController()
#13 D:/Materi Dan Tugas Kuliah/Semester 4/INTEGRASI APLIKASI ENTERPRISE/restful-api-playground/vendor/laravel/framework/src/Illuminate/Routing/Router.php(806): Illuminate/Routing/Route->run()
#14 D:/Materi Dan Tugas Kuliah/Semester 4/INTEGRASI APLIKASI ENTERPRISE/restful-api-playground/vendor/laravel/framework/src/Illuminate/Pipeline/Pipeline.php(144): Illuminate/Routing/Router->Illuminate/Routing/{closure}(Object(Illuminate/Http/Request))
#15 D:/Materi Dan Tugas Kuliah/Semester 4/INTEGRASI APLIKASI ENTERPRISE/restful-api-playground/vendor/laravel/framework/src/Illuminate/Routing/Middleware/SubstituteBindings.php(50): Illuminate/Pipeline/Pipeline->Illuminate/Pipeline/{closure}(Object(Illuminate/Http/Request))
#16 D:/Materi Dan Tugas Kuliah/Semester 4/INTEGRASI APLIKASI ENTERPRISE/restful-api-playground/vendor/laravel/framework/src/Illuminate/Pipeline/Pipeline.php(183): Illuminate/Routing/Middleware/SubstituteBindings->handle(Object(Illuminate/Http/Request), Object(Closure))
#17 D:/Materi Dan Tugas Kuliah/Semester 4/INTEGRASI APLIKASI ENTERPRISE/restful-api-playground/vendor/laravel/framework/src/Illuminate/Routing/Middleware/ThrottleRequests.php(159): Illuminate/Pipeline/Pipeline->Illuminate/Pipeline/{closure}(Object(Illuminate/Http/Request))
#18 D:/Materi Dan Tugas Kuliah/Semester 4/INTEGRASI APLIKASI ENTERPRISE/restful-api-playground/vendor/laravel/framework/src/Illuminate/Routing/Middleware/ThrottleRequests.php(125): Illuminate/Routing/Middleware/ThrottleRequests->handleRequest(Object(Illuminate/Http/Request), Object(Closure), Array)
#19 D:/Materi Dan Tugas Kuliah/Semester 4/INTEGRASI APLIKASI ENTERPRISE/restful-api-playground/vendor/laravel/framework/src/Illuminate/Routing/Middleware/ThrottleRequests.php(87): Illuminate/Routing/Middleware/ThrottleRequests->handleRequestUsingNamedLimiter(Object(Illuminate/Http/Request), Object(Closure), 'api', Object(Closure))
#20 D:/Materi Dan Tugas Kuliah/Semester 4/INTEGRASI APLIKASI ENTERPRISE/restful-api-playground/vendor/laravel/framework/src/Illuminate/Pipeline/Pipeline.php(183): Illuminate/Routing/Middleware/ThrottleRequests->handle(Object(Illuminate/Http/Request), Object(Closure), 'api')
#21 D:/Materi Dan Tugas Kuliah/Semester 4/INTEGRASI APLIKASI ENTERPRISE/restful-api-playground/vendor/laravel/framework/src/Illuminate/Pipeline/Pipeline.php(119): Illuminate/Pipeline/Pipeline->Illuminate/Pipeline/{closure}(Object(Illuminate/Http/Request))
#22 D:/Materi Dan Tugas Kuliah/Semester 4/INTEGRASI APLIKASI ENTERPRISE/restful-api-playground/vendor/laravel/framework/src/Illuminate/Routing/Router.php(805): Illuminate/Pipeline/Pipeline->then(Object(Closure))
#23 D:/Materi Dan Tugas Kuliah/Semester 4/INTEGRASI APLIKASI ENTERPRISE/restful-api-playground/vendor/laravel/framework/src/Illuminate/Routing/Router.php(784): Illuminate/Routing/Router->runRouteWithinStack(Object(Illuminate/Routing/Route), Object(Illuminate/Http/Request))
#24 D:/Materi Dan Tugas Kuliah/Semester 4/INTEGRASI APLIKASI ENTERPRISE/restful-api-playground/vendor/laravel/framework/src/Illuminate/Routing/Router.php(748): Illuminate/Routing/Router->runRoute(Object(Illuminate/Http/Request), Object(Illuminate/Routing/Route))
#25 D:/Materi Dan Tugas Kuliah/Semester 4/INTEGRASI APLIKASI ENTERPRISE/restful-api-playground/vendor/laravel/framework/src/Illuminate/Routing/Router.php(737): Illuminate/Routing/Router->dispatchToRoute(Object(Illuminate/Http/Request))
#26 D:/Materi Dan Tugas Kuliah/Semester 4/INTEGRASI APLIKASI ENTERPRISE/restful-api-playground/vendor/laravel/framework/src/Illuminate/Foundation/Http/Kernel.php(200): Illuminate/Routing/Router->dispatch(Object(Illuminate/Http/Request))
#27 D:/Materi Dan Tugas Kuliah/Semester 4/INTEGRASI APLIKASI ENTERPRISE/restful-api-playground/vendor/laravel/framework/src/Illuminate/Pipeline/Pipeline.php(144): Illuminate/Foundation/Http/Kernel->Illuminate/Foundation/Http/{closure}(Object(Illuminate/Http/Request))
#28 D:/Materi Dan Tugas Kuliah/Semester 4/INTEGRASI APLIKASI ENTERPRISE/restful-api-playground/vendor/laravel/framework/src/Illuminate/Foundation/Http/Middleware/TransformsRequest.php(21): Illuminate/Pipeline/Pipeline->Illuminate/Pipeline/{closure}(Object(Illuminate/Http/Request))
#29 D:/Materi Dan Tugas Kuliah/Semester 4/INTEGRASI APLIKASI ENTERPRISE/restful-api-playground/vendor/laravel/framework/src/Illuminate/Foundation/Http/Middleware/ConvertEmptyStringsToNull.php(31): Illuminate/Foundation/Http/Middleware/TransformsRequest->handle(Object(Illuminate/Http/Request), Object(Closure))
#30 D:/Materi Dan Tugas Kuliah/Semester 4/INTEGRASI APLIKASI ENTERPRISE/restful-api-playground/vendor/laravel/framework/src/Illuminate/Pipeline/Pipeline.php(183): Illuminate/Foundation/Http/Middleware/ConvertEmptyStringsToNull->handle(Object(Illuminate/Http/Request), Object(Closure))
#31 D:/Materi Dan Tugas Kuliah/Semester 4/INTEGRASI APLIKASI ENTERPRISE/restful-api-playground/vendor/laravel/framework/src/Illuminate/Foundation/Http/Middleware/TransformsRequest.php(21): Illuminate/Pipeline/Pipeline->Illuminate/Pipeline/{closure}(Object(Illuminate/Http/Request))
#32 D:/Materi Dan Tugas Kuliah/Semester 4/INTEGRASI APLIKASI ENTERPRISE/restful-api-playground/vendor/laravel/framework/src/Illuminate/Foundation/Http/Middleware/TrimStrings.php(40): Illuminate/Foundation/Http/Middleware/TransformsRequest->handle(Object(Illuminate/Http/Request), Object(Closure))
#33 D:/Materi Dan Tugas Kuliah/Semester 4/INTEGRASI APLIKASI ENTERPRISE/restful-api-playground/vendor/laravel/framework/src/Illuminate/Pipeline/Pipeline.php(183): Illuminate/Foundation/Http/Middleware/TrimStrings->handle(Object(Illuminate/Http/Request), Object(Closure))
#34 D:/Materi Dan Tugas Kuliah/Semester 4/INTEGRASI APLIKASI ENTERPRISE/restful-api-playground/vendor/laravel/framework/src/Illuminate/Foundation/Http/Middleware/ValidatePostSize.php(27): Illuminate/Pipeline/Pipeline->Illuminate/Pipeline/{closure}(Object(Illuminate/Http/Request))
#35 D:/Materi Dan Tugas Kuliah/Semester 4/INTEGRASI APLIKASI ENTERPRISE/restful-api-playground/vendor/laravel/framework/src/Illuminate/Pipeline/Pipeline.php(183): Illuminate/Foundation/Http/Middleware/ValidatePostSize->handle(Object(Illuminate/Http/Request), Object(Closure))
#36 D:/Materi Dan Tugas Kuliah/Semester 4/INTEGRASI APLIKASI ENTERPRISE/restful-api-playground/vendor/laravel/framework/src/Illuminate/Foundation/Http/Middleware/PreventRequestsDuringMaintenance.php(99): Illuminate/Pipeline/Pipeline->Illuminate/Pipeline/{closure}(Object(Illuminate/Http/Request))
#37 D:/Materi Dan Tugas Kuliah/Semester 4/INTEGRASI APLIKASI ENTERPRISE/restful-api-playground/vendor/laravel/framework/src/Illuminate/Pipeline/Pipeline.php(183): Illuminate/Foundation/Http/Middleware/PreventRequestsDuringMaintenance->handle(Object(Illuminate/Http/Request), Object(Closure))
#38 D:/Materi Dan Tugas Kuliah/Semester 4/INTEGRASI APLIKASI ENTERPRISE/restful-api-playground/vendor/laravel/framework/src/Illuminate/Http/Middleware/HandleCors.php(62): Illuminate/Pipeline/Pipeline->Illuminate/Pipeline/{closure}(Object(Illuminate/Http/Request))
#39 D:/Materi Dan Tugas Kuliah/Semester 4/INTEGRASI APLIKASI ENTERPRISE/restful-api-playground/vendor/laravel/framework/src/Illuminate/Pipeline/Pipeline.php(183): Illuminate/Http/Middleware/HandleCors->handle(Object(Illuminate/Http/Request), Object(Closure))
#40 D:/Materi Dan Tugas Kuliah/Semester 4/INTEGRASI APLIKASI ENTERPRISE/restful-api-playground/vendor/laravel/framework/src/Illuminate/Http/Middleware/TrustProxies.php(39): Illuminate/Pipeline/Pipeline->Illuminate/Pipeline/{closure}(Object(Illuminate/Http/Request))
#41 D:/Materi Dan Tugas Kuliah/Semester 4/INTEGRASI APLIKASI ENTERPRISE/restful-api-playground/vendor/laravel/framework/src/Illuminate/Pipeline/Pipeline.php(183): Illuminate/Http/Middleware/TrustProxies->handle(Object(Illuminate/Http/Request), Object(Closure))
#42 D:/Materi Dan Tugas Kuliah/Semester 4/INTEGRASI APLIKASI ENTERPRISE/restful-api-playground/vendor/laravel/framework/src/Illuminate/Pipeline/Pipeline.php(119): Illuminate/Pipeline/Pipeline->Illuminate/Pipeline/{closure}(Object(Illuminate/Http/Request))
#43 D:/Materi Dan Tugas Kuliah/Semester 4/INTEGRASI APLIKASI ENTERPRISE/restful-api-playground/vendor/laravel/framework/src/Illuminate/Foundation/Http/Kernel.php(175): Illuminate/Pipeline/Pipeline->then(Object(Closure))
#44 D:/Materi Dan Tugas Kuliah/Semester 4/INTEGRASI APLIKASI ENTERPRISE/restful-api-playground/vendor/laravel/framework/src/Illuminate/Foundation/Http/Kernel.php(144): Illuminate/Foundation/Http/Kernel->sendRequestThroughRouter(Object(Illuminate/Http/Request))
#45 D:/Materi Dan Tugas Kuliah/Semester 4/INTEGRASI APLIKASI ENTERPRISE/restful-api-playground/public/index.php(51): Illuminate/Foundation/Http/Kernel->handle(Object(Illuminate/Http/Request))
#46 D:/Materi Dan Tugas Kuliah/Semester 4/INTEGRASI APLIKASI ENTERPRISE/restful-api-playground/vendor/laravel/framework/src/Illuminate/Foundation/resources/server.php(16): require_once('D://Materi Dan T...')
#47 {main}

[previous exception] [object] (PDOException(code: 23000): SQLSTATE[23000]: Integrity constraint violation: 1048 Column 'name' cannot be null at D:/Materi Dan Tugas Kuliah/Semester 4/INTEGRASI APLIKASI ENTERPRISE/restful-api-playground/vendor/laravel/framework/src/Illuminate/Database/Connection.php:612)
[stacktrace]
#0 D:/Materi Dan Tugas Kuliah/Semester 4/INTEGRASI APLIKASI ENTERPRISE/restful-api-playground/vendor/laravel/framework/src/Illuminate/Database/Connection.php(612): PDOStatement->execute()
#1 D:/Materi Dan Tugas Kuliah/Semester 4/INTEGRASI APLIKASI ENTERPRISE/restful-api-playground/vendor/laravel/framework/src/Illuminate/Database/Connection.php(816): Illuminate/Database/Connection->Illuminate/Database/{closure}('update `student...', Array)
#2 D:/Materi Dan Tugas Kuliah/Semester 4/INTEGRASI APLIKASI ENTERPRISE/restful-api-playground/vendor/laravel/framework/src/Illuminate/Database/Connection.php(783): Illuminate/Database/Connection->runQueryCallback('update `student...', Array, Object(Closure))
#3 D:/Materi Dan Tugas Kuliah/Semester 4/INTEGRASI APLIKASI ENTERPRISE/restful-api-playground/vendor/laravel/framework/src/Illuminate/Database/Connection.php(600): Illuminate/Database/Connection->run('update `student...', Array, Object(Closure))
#4 D:/Materi Dan Tugas Kuliah/Semester 4/INTEGRASI APLIKASI ENTERPRISE/restful-api-playground/vendor/laravel/framework/src/Illuminate/Database/Connection.php(552): Illuminate/Database/Connection->affectingStatement('update `student...', Array)
#5 D:/Materi Dan Tugas Kuliah/Semester 4/INTEGRASI APLIKASI ENTERPRISE/restful-api-playground/vendor/laravel/framework/src/Illuminate/Database/Query/Builder.php(3602): Illuminate/Database/Connection->update('update `student...', Array)
#6 D:/Materi Dan Tugas Kuliah/Semester 4/INTEGRASI APLIKASI ENTERPRISE/restful-api-playground/vendor/laravel/framework/src/Illuminate/Database/Eloquent/Builder.php(1061): Illuminate/Database/Query/Builder->update(Array)
#7 D:/Materi Dan Tugas Kuliah/Semester 4/INTEGRASI APLIKASI ENTERPRISE/restful-api-playground/vendor/laravel/framework/src/Illuminate/Database/Eloquent/Model.php(1214): Illuminate/Database/Eloquent/Builder->update(Array)
#8 D:/Materi Dan Tugas Kuliah/Semester 4/INTEGRASI APLIKASI ENTERPRISE/restful-api-playground/vendor/laravel/framework/src/Illuminate/Database/Eloquent/Model.php(1131): Illuminate/Database/Eloquent/Model->performUpdate(Object(Illuminate/Database/Eloquent/Builder))
#9 D:/Materi Dan Tugas Kuliah/Semester 4/INTEGRASI APLIKASI ENTERPRISE/restful-api-playground/vendor/laravel/framework/src/Illuminate/Database/Eloquent/Model.php(991): Illuminate/Database/Eloquent/Model->save(Array)
#10 D:/Materi Dan Tugas Kuliah/Semester 4/INTEGRASI APLIKASI ENTERPRISE/restful-api-playground/app/Http/Controllers/StudentController.php(62): Illuminate/Database/Eloquent/Model->update(Array)
#11 D:/Materi Dan Tugas Kuliah/Semester 4/INTEGRASI APLIKASI ENTERPRISE/restful-api-playground/vendor/laravel/framework/src/Illuminate/Routing/Controller.php(54): App/Http/Controllers/StudentController->update(Object(Illuminate/Http/Request), '1')
#12 D:/Materi Dan Tugas Kuliah/Semester 4/INTEGRASI APLIKASI ENTERPRISE/restful-api-playground/vendor/laravel/framework/src/Illuminate/Routing/ControllerDispatcher.php(43): Illuminate/Routing/Controller->callAction('update', Array)
#13 D:/Materi Dan Tugas Kuliah/Semester 4/INTEGRASI APLIKASI ENTERPRISE/restful-api-playground/vendor/laravel/framework/src/Illuminate/Routing/Route.php(259): Illuminate/Routing/ControllerDispatcher->dispatch(Object(Illuminate/Routing/Route), Object(App/Http/Controllers/StudentController), 'update')
#14 D:/Materi Dan Tugas Kuliah/Semester 4/INTEGRASI APLIKASI ENTERPRISE/restful-api-playground/vendor/laravel/framework/src/Illuminate/Routing/Route.php(205): Illuminate/Routing/Route->runController()
#15 D:/Materi Dan Tugas Kuliah/Semester 4/INTEGRASI APLIKASI ENTERPRISE/restful-api-playground/vendor/laravel/framework/src/Illuminate/Routing/Router.php(806): Illuminate/Routing/Route->run()
#16 D:/Materi Dan Tugas Kuliah/Semester 4/INTEGRASI APLIKASI ENTERPRISE/restful-api-playground/vendor/laravel/framework/src/Illuminate/Pipeline/Pipeline.php(144): Illuminate/Routing/Router->Illuminate/Routing/{closure}(Object(Illuminate/Http/Request))
#17 D:/Materi Dan Tugas Kuliah/Semester 4/INTEGRASI APLIKASI ENTERPRISE/restful-api-playground/vendor/laravel/framework/src/Illuminate/Routing/Middleware/SubstituteBindings.php(50): Illuminate/Pipeline/Pipeline->Illuminate/Pipeline/{closure}(Object(Illuminate/Http/Request))
#18 D:/Materi Dan Tugas Kuliah/Semester 4/INTEGRASI APLIKASI ENTERPRISE/restful-api-playground/vendor/laravel/framework/src/Illuminate/Pipeline/Pipeline.php(183): Illuminate/Routing/Middleware/SubstituteBindings->handle(Object(Illuminate/Http/Request), Object(Closure))
#19 D:/Materi Dan Tugas Kuliah/Semester 4/INTEGRASI APLIKASI ENTERPRISE/restful-api-playground/vendor/laravel/framework/src/Illuminate/Routing/Middleware/ThrottleRequests.php(159): Illuminate/Pipeline/Pipeline->Illuminate/Pipeline/{closure}(Object(Illuminate/Http/Request))
#20 D:/Materi Dan Tugas Kuliah/Semester 4/INTEGRASI APLIKASI ENTERPRISE/restful-api-playground/vendor/laravel/framework/src/Illuminate/Routing/Middleware/ThrottleRequests.php(125): Illuminate/Routing/Middleware/ThrottleRequests->handleRequest(Object(Illuminate/Http/Request), Object(Closure), Array)
#21 D:/Materi Dan Tugas Kuliah/Semester 4/INTEGRASI APLIKASI ENTERPRISE/restful-api-playground/vendor/laravel/framework/src/Illuminate/Routing/Middleware/ThrottleRequests.php(87): Illuminate/Routing/Middleware/ThrottleRequests->handleRequestUsingNamedLimiter(Object(Illuminate/Http/Request), Object(Closure), 'api', Object(Closure))
#22 D:/Materi Dan Tugas Kuliah/Semester 4/INTEGRASI APLIKASI ENTERPRISE/restful-api-playground/vendor/laravel/framework/src/Illuminate/Pipeline/Pipeline.php(183): Illuminate/Routing/Middleware/ThrottleRequests->handle(Object(Illuminate/Http/Request), Object(Closure), 'api')
#23 D:/Materi Dan Tugas Kuliah/Semester 4/INTEGRASI APLIKASI ENTERPRISE/restful-api-playground/vendor/laravel/framework/src/Illuminate/Pipeline/Pipeline.php(119): Illuminate/Pipeline/Pipeline->Illuminate/Pipeline/{closure}(Object(Illuminate/Http/Request))
#24 D:/Materi Dan Tugas Kuliah/Semester 4/INTEGRASI APLIKASI ENTERPRISE/restful-api-playground/vendor/laravel/framework/src/Illuminate/Routing/Router.php(805): Illuminate/Pipeline/Pipeline->then(Object(Closure))
#25 D:/Materi Dan Tugas Kuliah/Semester 4/INTEGRASI APLIKASI ENTERPRISE/restful-api-playground/vendor/laravel/framework/src/Illuminate/Routing/Router.php(784): Illuminate/Routing/Router->runRouteWithinStack(Object(Illuminate/Routing/Route), Object(Illuminate/Http/Request))
#26 D:/Materi Dan Tugas Kuliah/Semester 4/INTEGRASI APLIKASI ENTERPRISE/restful-api-playground/vendor/laravel/framework/src/Illuminate/Routing/Router.php(748): Illuminate/Routing/Router->runRoute(Object(Illuminate/Http/Request), Object(Illuminate/Routing/Route))
#27 D:/Materi Dan Tugas Kuliah/Semester 4/INTEGRASI APLIKASI ENTERPRISE/restful-api-playground/vendor/laravel/framework/src/Illuminate/Routing/Router.php(737): Illuminate/Routing/Router->dispatchToRoute(Object(Illuminate/Http/Request))
#28 D:/Materi Dan Tugas Kuliah/Semester 4/INTEGRASI APLIKASI ENTERPRISE/restful-api-playground/vendor/laravel/framework/src/Illuminate/Foundation/Http/Kernel.php(200): Illuminate/Routing/Router->dispatch(Object(Illuminate/Http/Request))
#29 D:/Materi Dan Tugas Kuliah/Semester 4/INTEGRASI APLIKASI ENTERPRISE/restful-api-playground/vendor/laravel/framework/src/Illuminate/Pipeline/Pipeline.php(144): Illuminate/Foundation/Http/Kernel->Illuminate/Foundation/Http/{closure}(Object(Illuminate/Http/Request))
#30 D:/Materi Dan Tugas Kuliah/Semester 4/INTEGRASI APLIKASI ENTERPRISE/restful-api-playground/vendor/laravel/framework/src/Illuminate/Foundation/Http/Middleware/TransformsRequest.php(21): Illuminate/Pipeline/Pipeline->Illuminate/Pipeline/{closure}(Object(Illuminate/Http/Request))
#31 D:/Materi Dan Tugas Kuliah/Semester 4/INTEGRASI APLIKASI ENTERPRISE/restful-api-playground/vendor/laravel/framework/src/Illuminate/Foundation/Http/Middleware/ConvertEmptyStringsToNull.php(31): Illuminate/Foundation/Http/Middleware/TransformsRequest->handle(Object(Illuminate/Http/Request), Object(Closure))
#32 D:/Materi Dan Tugas Kuliah/Semester 4/INTEGRASI APLIKASI ENTERPRISE/restful-api-playground/vendor/laravel/framework/src/Illuminate/Pipeline/Pipeline.php(183): Illuminate/Foundation/Http/Middleware/ConvertEmptyStringsToNull->handle(Object(Illuminate/Http/Request), Object(Closure))
#33 D:/Materi Dan Tugas Kuliah/Semester 4/INTEGRASI APLIKASI ENTERPRISE/restful-api-playground/vendor/laravel/framework/src/Illuminate/Foundation/Http/Middleware/TransformsRequest.php(21): Illuminate/Pipeline/Pipeline->Illuminate/Pipeline/{closure}(Object(Illuminate/Http/Request))
#34 D:/Materi Dan Tugas Kuliah/Semester 4/INTEGRASI APLIKASI ENTERPRISE/restful-api-playground/vendor/laravel/framework/src/Illuminate/Foundation/Http/Middleware/TrimStrings.php(40): Illuminate/Foundation/Http/Middleware/TransformsRequest->handle(Object(Illuminate/Http/Request), Object(Closure))
#35 D:/Materi Dan Tugas Kuliah/Semester 4/INTEGRASI APLIKASI ENTERPRISE/restful-api-playground/vendor/laravel/framework/src/Illuminate/Pipeline/Pipeline.php(183): Illuminate/Foundation/Http/Middleware/TrimStrings->handle(Object(Illuminate/Http/Request), Object(Closure))
#36 D:/Materi Dan Tugas Kuliah/Semester 4/INTEGRASI APLIKASI ENTERPRISE/restful-api-playground/vendor/laravel/framework/src/Illuminate/Foundation/Http/Middleware/ValidatePostSize.php(27): Illuminate/Pipeline/Pipeline->Illuminate/Pipeline/{closure}(Object(Illuminate/Http/Request))
#37 D:/Materi Dan Tugas Kuliah/Semester 4/INTEGRASI APLIKASI ENTERPRISE/restful-api-playground/vendor/laravel/framework/src/Illuminate/Pipeline/Pipeline.php(183): Illuminate/Foundation/Http/Middleware/ValidatePostSize->handle(Object(Illuminate/Http/Request), Object(Closure))
#38 D:/Materi Dan Tugas Kuliah/Semester 4/INTEGRASI APLIKASI ENTERPRISE/restful-api-playground/vendor/laravel/framework/src/Illuminate/Foundation/Http/Middleware/PreventRequestsDuringMaintenance.php(99): Illuminate/Pipeline/Pipeline->Illuminate/Pipeline/{closure}(Object(Illuminate/Http/Request))
#39 D:/Materi Dan Tugas Kuliah/Semester 4/INTEGRASI APLIKASI ENTERPRISE/restful-api-playground/vendor/laravel/framework/src/Illuminate/Pipeline/Pipeline.php(183): Illuminate/Foundation/Http/Middleware/PreventRequestsDuringMaintenance->handle(Object(Illuminate/Http/Request), Object(Closure))
#40 D:/Materi Dan Tugas Kuliah/Semester 4/INTEGRASI APLIKASI ENTERPRISE/restful-api-playground/vendor/laravel/framework/src/Illuminate/Http/Middleware/HandleCors.php(62): Illuminate/Pipeline/Pipeline->Illuminate/Pipeline/{closure}(Object(Illuminate/Http/Request))
#41 D:/Materi Dan Tugas Kuliah/Semester 4/INTEGRASI APLIKASI ENTERPRISE/restful-api-playground/vendor/laravel/framework/src/Illuminate/Pipeline/Pipeline.php(183): Illuminate/Http/Middleware/HandleCors->handle(Object(Illuminate/Http/Request), Object(Closure))
#42 D:/Materi Dan Tugas Kuliah/Semester 4/INTEGRASI APLIKASI ENTERPRISE/restful-api-playground/vendor/laravel/framework/src/Illuminate/Http/Middleware/TrustProxies.php(39): Illuminate/Pipeline/Pipeline->Illuminate/Pipeline/{closure}(Object(Illuminate/Http/Request))
#43 D:/Materi Dan Tugas Kuliah/Semester 4/INTEGRASI APLIKASI ENTERPRISE/restful-api-playground/vendor/laravel/framework/src/Illuminate/Pipeline/Pipeline.php(183): Illuminate/Http/Middleware/TrustProxies->handle(Object(Illuminate/Http/Request), Object(Closure))
#44 D:/Materi Dan Tugas Kuliah/Semester 4/INTEGRASI APLIKASI ENTERPRISE/restful-api-playground/vendor/laravel/framework/src/Illuminate/Pipeline/Pipeline.php(119): Illuminate/Pipeline/Pipeline->Illuminate/Pipeline/{closure}(Object(Illuminate/Http/Request))
#45 D:/Materi Dan Tugas Kuliah/Semester 4/INTEGRASI APLIKASI ENTERPRISE/restful-api-playground/vendor/laravel/framework/src/Illuminate/Foundation/Http/Kernel.php(175): Illuminate/Pipeline/Pipeline->then(Object(Closure))
#46 D:/Materi Dan Tugas Kuliah/Semester 4/INTEGRASI APLIKASI ENTERPRISE/restful-api-playground/vendor/laravel/framework/src/Illuminate/Foundation/Http/Kernel.php(144): Illuminate/Foundation/Http/Kernel->sendRequestThroughRouter(Object(Illuminate/Http/Request))
#47 D:/Materi Dan Tugas Kuliah/Semester 4/INTEGRASI APLIKASI ENTERPRISE/restful-api-playground/public/index.php(51): Illuminate/Foundation/Http/Kernel->handle(Object(Illuminate/Http/Request))
#48 D:/Materi Dan Tugas Kuliah/Semester 4/INTEGRASI APLIKASI ENTERPRISE/restful-api-playground/vendor/laravel/framework/src/Illuminate/Foundation/resources/server.php(16): require_once('D://Materi Dan T...')
#49 {main}
"} 
[2026-04-18 11:52:54] local.ERROR: Auth guard [api] is not defined. {"exception":"[object] (InvalidArgumentException(code: 0): Auth guard [api] is not defined. at D:/Materi Dan Tugas Kuliah/Semester 4/INTEGRASI APLIKASI ENTERPRISE/restful-api-playground/vendor/laravel/framework/src/Illuminate/Auth/AuthManager.php:86)
[stacktrace]
#0 D:/Materi Dan Tugas Kuliah/Semester 4/INTEGRASI APLIKASI ENTERPRISE/restful-api-playground/vendor/laravel/framework/src/Illuminate/Auth/AuthManager.php(70): Illuminate/Auth/AuthManager->resolve('api')
#1 D:/Materi Dan Tugas Kuliah/Semester 4/INTEGRASI APLIKASI ENTERPRISE/restful-api-playground/vendor/laravel/framework/src/Illuminate/Auth/AuthManager.php(57): Illuminate/Auth/AuthManager->guard('api')
#2 [internal function]: Illuminate/Auth/AuthManager->Illuminate/Auth/{closure}(NULL)
#3 D:/Materi Dan Tugas Kuliah/Semester 4/INTEGRASI APLIKASI ENTERPRISE/restful-api-playground/vendor/laravel/framework/src/Illuminate/Auth/AuthServiceProvider.php(89): call_user_func(Object(Closure), NULL)
#4 [internal function]: Illuminate/Auth/AuthServiceProvider->Illuminate/Auth/{closure}(NULL)
#5 D:/Materi Dan Tugas Kuliah/Semester 4/INTEGRASI APLIKASI ENTERPRISE/restful-api-playground/vendor/laravel/framework/src/Illuminate/Http/Request.php(607): call_user_func(Object(Closure), NULL)
#6 D:/Materi Dan Tugas Kuliah/Semester 4/INTEGRASI APLIKASI ENTERPRISE/restful-api-playground/app/Providers/RouteServiceProvider.php(45): Illuminate/Http/Request->user()
#7 D:/Materi Dan Tugas Kuliah/Semester 4/INTEGRASI APLIKASI ENTERPRISE/restful-api-playground/vendor/laravel/framework/src/Illuminate/Routing/Middleware/ThrottleRequests.php(117): App/Providers/RouteServiceProvider->App/Providers/{closure}(Object(Illuminate/Http/Request))
#8 D:/Materi Dan Tugas Kuliah/Semester 4/INTEGRASI APLIKASI ENTERPRISE/restful-api-playground/vendor/laravel/framework/src/Illuminate/Routing/Middleware/ThrottleRequests.php(87): Illuminate/Routing/Middleware/ThrottleRequests->handleRequestUsingNamedLimiter(Object(Illuminate/Http/Request), Object(Closure), 'api', Object(Closure))
#9 D:/Materi Dan Tugas Kuliah/Semester 4/INTEGRASI APLIKASI ENTERPRISE/restful-api-playground/vendor/laravel/framework/src/Illuminate/Pipeline/Pipeline.php(183): Illuminate/Routing/Middleware/ThrottleRequests->handle(Object(Illuminate/Http/Request), Object(Closure), 'api')
#10 D:/Materi Dan Tugas Kuliah/Semester 4/INTEGRASI APLIKASI ENTERPRISE/restful-api-playground/vendor/laravel/framework/src/Illuminate/Pipeline/Pipeline.php(119): Illuminate/Pipeline/Pipeline->Illuminate/Pipeline/{closure}(Object(Illuminate/Http/Request))
#11 D:/Materi Dan Tugas Kuliah/Semester 4/INTEGRASI APLIKASI ENTERPRISE/restful-api-playground/vendor/laravel/framework/src/Illuminate/Routing/Router.php(805): Illuminate/Pipeline/Pipeline->then(Object(Closure))
#12 D:/Materi Dan Tugas Kuliah/Semester 4/INTEGRASI APLIKASI ENTERPRISE/restful-api-playground/vendor/laravel/framework/src/Illuminate/Routing/Router.php(784): Illuminate/Routing/Router->runRouteWithinStack(Object(Illuminate/Routing/Route), Object(Illuminate/Http/Request))
#13 D:/Materi Dan Tugas Kuliah/Semester 4/INTEGRASI APLIKASI ENTERPRISE/restful-api-playground/vendor/laravel/framework/src/Illuminate/Routing/Router.php(748): Illuminate/Routing/Router->runRoute(Object(Illuminate/Http/Request), Object(Illuminate/Routing/Route))
#14 D:/Materi Dan Tugas Kuliah/Semester 4/INTEGRASI APLIKASI ENTERPRISE/restful-api-playground/vendor/laravel/framework/src/Illuminate/Routing/Router.php(737): Illuminate/Routing/Router->dispatchToRoute(Object(Illuminate/Http/Request))
#15 D:/Materi Dan Tugas Kuliah/Semester 4/INTEGRASI APLIKASI ENTERPRISE/restful-api-playground/vendor/laravel/framework/src/Illuminate/Foundation/Http/Kernel.php(200): Illuminate/Routing/Router->dispatch(Object(Illuminate/Http/Request))
#16 D:/Materi Dan Tugas Kuliah/Semester 4/INTEGRASI APLIKASI ENTERPRISE/restful-api-playground/vendor/laravel/framework/src/Illuminate/Pipeline/Pipeline.php(144): Illuminate/Foundation/Http/Kernel->Illuminate/Foundation/Http/{closure}(Object(Illuminate/Http/Request))
#17 D:/Materi Dan Tugas Kuliah/Semester 4/INTEGRASI APLIKASI ENTERPRISE/restful-api-playground/vendor/laravel/framework/src/Illuminate/Foundation/Http/Middleware/TransformsRequest.php(21): Illuminate/Pipeline/Pipeline->Illuminate/Pipeline/{closure}(Object(Illuminate/Http/Request))
#18 D:/Materi Dan Tugas Kuliah/Semester 4/INTEGRASI APLIKASI ENTERPRISE/restful-api-playground/vendor/laravel/framework/src/Illuminate/Foundation/Http/Middleware/ConvertEmptyStringsToNull.php(31): Illuminate/Foundation/Http/Middleware/TransformsRequest->handle(Object(Illuminate/Http/Request), Object(Closure))
#19 D:/Materi Dan Tugas Kuliah/Semester 4/INTEGRASI APLIKASI ENTERPRISE/restful-api-playground/vendor/laravel/framework/src/Illuminate/Pipeline/Pipeline.php(183): Illuminate/Foundation/Http/Middleware/ConvertEmptyStringsToNull->handle(Object(Illuminate/Http/Request), Object(Closure))
#20 D:/Materi Dan Tugas Kuliah/Semester 4/INTEGRASI APLIKASI ENTERPRISE/restful-api-playground/vendor/laravel/framework/src/Illuminate/Foundation/Http/Middleware/TransformsRequest.php(21): Illuminate/Pipeline/Pipeline->Illuminate/Pipeline/{closure}(Object(Illuminate/Http/Request))
#21 D:/Materi Dan Tugas Kuliah/Semester 4/INTEGRASI APLIKASI ENTERPRISE/restful-api-playground/vendor/laravel/framework/src/Illuminate/Foundation/Http/Middleware/TrimStrings.php(40): Illuminate/Foundation/Http/Middleware/TransformsRequest->handle(Object(Illuminate/Http/Request), Object(Closure))
#22 D:/Materi Dan Tugas Kuliah/Semester 4/INTEGRASI APLIKASI ENTERPRISE/restful-api-playground/vendor/laravel/framework/src/Illuminate/Pipeline/Pipeline.php(183): Illuminate/Foundation/Http/Middleware/TrimStrings->handle(Object(Illuminate/Http/Request), Object(Closure))
#23 D:/Materi Dan Tugas Kuliah/Semester 4/INTEGRASI APLIKASI ENTERPRISE/restful-api-playground/vendor/laravel/framework/src/Illuminate/Foundation/Http/Middleware/ValidatePostSize.php(27): Illuminate/Pipeline/Pipeline->Illuminate/Pipeline/{closure}(Object(Illuminate/Http/Request))
#24 D:/Materi Dan Tugas Kuliah/Semester 4/INTEGRASI APLIKASI ENTERPRISE/restful-api-playground/vendor/laravel/framework/src/Illuminate/Pipeline/Pipeline.php(183): Illuminate/Foundation/Http/Middleware/ValidatePostSize->handle(Object(Illuminate/Http/Request), Object(Closure))
#25 D:/Materi Dan Tugas Kuliah/Semester 4/INTEGRASI APLIKASI ENTERPRISE/restful-api-playground/vendor/laravel/framework/src/Illuminate/Foundation/Http/Middleware/PreventRequestsDuringMaintenance.php(99): Illuminate/Pipeline/Pipeline->Illuminate/Pipeline/{closure}(Object(Illuminate/Http/Request))
#26 D:/Materi Dan Tugas Kuliah/Semester 4/INTEGRASI APLIKASI ENTERPRISE/restful-api-playground/vendor/laravel/framework/src/Illuminate/Pipeline/Pipeline.php(183): Illuminate/Foundation/Http/Middleware/PreventRequestsDuringMaintenance->handle(Object(Illuminate/Http/Request), Object(Closure))
#27 D:/Materi Dan Tugas Kuliah/Semester 4/INTEGRASI APLIKASI ENTERPRISE/restful-api-playground/vendor/laravel/framework/src/Illuminate/Http/Middleware/HandleCors.php(62): Illuminate/Pipeline/Pipeline->Illuminate/Pipeline/{closure}(Object(Illuminate/Http/Request))
#28 D:/Materi Dan Tugas Kuliah/Semester 4/INTEGRASI APLIKASI ENTERPRISE/restful-api-playground/vendor/laravel/framework/src/Illuminate/Pipeline/Pipeline.php(183): Illuminate/Http/Middleware/HandleCors->handle(Object(Illuminate/Http/Request), Object(Closure))
#29 D:/Materi Dan Tugas Kuliah/Semester 4/INTEGRASI APLIKASI ENTERPRISE/restful-api-playground/vendor/laravel/framework/src/Illuminate/Http/Middleware/TrustProxies.php(39): Illuminate/Pipeline/Pipeline->Illuminate/Pipeline/{closure}(Object(Illuminate/Http/Request))
#30 D:/Materi Dan Tugas Kuliah/Semester 4/INTEGRASI APLIKASI ENTERPRISE/restful-api-playground/vendor/laravel/framework/src/Illuminate/Pipeline/Pipeline.php(183): Illuminate/Http/Middleware/TrustProxies->handle(Object(Illuminate/Http/Request), Object(Closure))
#31 D:/Materi Dan Tugas Kuliah/Semester 4/INTEGRASI APLIKASI ENTERPRISE/restful-api-playground/vendor/laravel/framework/src/Illuminate/Pipeline/Pipeline.php(119): Illuminate/Pipeline/Pipeline->Illuminate/Pipeline/{closure}(Object(Illuminate/Http/Request))
#32 D:/Materi Dan Tugas Kuliah/Semester 4/INTEGRASI APLIKASI ENTERPRISE/restful-api-playground/vendor/laravel/framework/src/Illuminate/Foundation/Http/Kernel.php(175): Illuminate/Pipeline/Pipeline->then(Object(Closure))
#33 D:/Materi Dan Tugas Kuliah/Semester 4/INTEGRASI APLIKASI ENTERPRISE/restful-api-playground/vendor/laravel/framework/src/Illuminate/Foundation/Http/Kernel.php(144): Illuminate/Foundation/Http/Kernel->sendRequestThroughRouter(Object(Illuminate/Http/Request))
#34 D:/Materi Dan Tugas Kuliah/Semester 4/INTEGRASI APLIKASI ENTERPRISE/restful-api-playground/public/index.php(51): Illuminate/Foundation/Http/Kernel->handle(Object(Illuminate/Http/Request))
#35 D:/Materi Dan Tugas Kuliah/Semester 4/INTEGRASI APLIKASI ENTERPRISE/restful-api-playground/vendor/laravel/framework/src/Illuminate/Foundation/resources/server.php(16): require_once('D://Materi Dan T...')
#36 {main}
"} 
[2026-04-18 11:53:29] local.ERROR: Auth guard [api] is not defined. {"exception":"[object] (InvalidArgumentException(code: 0): Auth guard [api] is not defined. at D:/Materi Dan Tugas Kuliah/Semester 4/INTEGRASI APLIKASI ENTERPRISE/restful-api-playground/vendor/laravel/framework/src/Illuminate/Auth/AuthManager.php:86)
[stacktrace]
#0 D:/Materi Dan Tugas Kuliah/Semester 4/INTEGRASI APLIKASI ENTERPRISE/restful-api-playground/vendor/laravel/framework/src/Illuminate/Auth/AuthManager.php(70): Illuminate/Auth/AuthManager->resolve('api')
#1 D:/Materi Dan Tugas Kuliah/Semester 4/INTEGRASI APLIKASI ENTERPRISE/restful-api-playground/vendor/laravel/framework/src/Illuminate/Auth/AuthManager.php(57): Illuminate/Auth/AuthManager->guard('api')
#2 [internal function]: Illuminate/Auth/AuthManager->Illuminate/Auth/{closure}(NULL)
#3 D:/Materi Dan Tugas Kuliah/Semester 4/INTEGRASI APLIKASI ENTERPRISE/restful-api-playground/vendor/laravel/framework/src/Illuminate/Auth/AuthServiceProvider.php(89): call_user_func(Object(Closure), NULL)
#4 [internal function]: Illuminate/Auth/AuthServiceProvider->Illuminate/Auth/{closure}(NULL)
#5 D:/Materi Dan Tugas Kuliah/Semester 4/INTEGRASI APLIKASI ENTERPRISE/restful-api-playground/vendor/laravel/framework/src/Illuminate/Http/Request.php(607): call_user_func(Object(Closure), NULL)
#6 D:/Materi Dan Tugas Kuliah/Semester 4/INTEGRASI APLIKASI ENTERPRISE/restful-api-playground/app/Providers/RouteServiceProvider.php(45): Illuminate/Http/Request->user()
#7 D:/Materi Dan Tugas Kuliah/Semester 4/INTEGRASI APLIKASI ENTERPRISE/restful-api-playground/vendor/laravel/framework/src/Illuminate/Routing/Middleware/ThrottleRequests.php(117): App/Providers/RouteServiceProvider->App/Providers/{closure}(Object(Illuminate/Http/Request))
#8 D:/Materi Dan Tugas Kuliah/Semester 4/INTEGRASI APLIKASI ENTERPRISE/restful-api-playground/vendor/laravel/framework/src/Illuminate/Routing/Middleware/ThrottleRequests.php(87): Illuminate/Routing/Middleware/ThrottleRequests->handleRequestUsingNamedLimiter(Object(Illuminate/Http/Request), Object(Closure), 'api', Object(Closure))
#9 D:/Materi Dan Tugas Kuliah/Semester 4/INTEGRASI APLIKASI ENTERPRISE/restful-api-playground/vendor/laravel/framework/src/Illuminate/Pipeline/Pipeline.php(183): Illuminate/Routing/Middleware/ThrottleRequests->handle(Object(Illuminate/Http/Request), Object(Closure), 'api')
#10 D:/Materi Dan Tugas Kuliah/Semester 4/INTEGRASI APLIKASI ENTERPRISE/restful-api-playground/vendor/laravel/framework/src/Illuminate/Pipeline/Pipeline.php(119): Illuminate/Pipeline/Pipeline->Illuminate/Pipeline/{closure}(Object(Illuminate/Http/Request))
#11 D:/Materi Dan Tugas Kuliah/Semester 4/INTEGRASI APLIKASI ENTERPRISE/restful-api-playground/vendor/laravel/framework/src/Illuminate/Routing/Router.php(805): Illuminate/Pipeline/Pipeline->then(Object(Closure))
#12 D:/Materi Dan Tugas Kuliah/Semester 4/INTEGRASI APLIKASI ENTERPRISE/restful-api-playground/vendor/laravel/framework/src/Illuminate/Routing/Router.php(784): Illuminate/Routing/Router->runRouteWithinStack(Object(Illuminate/Routing/Route), Object(Illuminate/Http/Request))
#13 D:/Materi Dan Tugas Kuliah/Semester 4/INTEGRASI APLIKASI ENTERPRISE/restful-api-playground/vendor/laravel/framework/src/Illuminate/Routing/Router.php(748): Illuminate/Routing/Router->runRoute(Object(Illuminate/Http/Request), Object(Illuminate/Routing/Route))
#14 D:/Materi Dan Tugas Kuliah/Semester 4/INTEGRASI APLIKASI ENTERPRISE/restful-api-playground/vendor/laravel/framework/src/Illuminate/Routing/Router.php(737): Illuminate/Routing/Router->dispatchToRoute(Object(Illuminate/Http/Request))
#15 D:/Materi Dan Tugas Kuliah/Semester 4/INTEGRASI APLIKASI ENTERPRISE/restful-api-playground/vendor/laravel/framework/src/Illuminate/Foundation/Http/Kernel.php(200): Illuminate/Routing/Router->dispatch(Object(Illuminate/Http/Request))
#16 D:/Materi Dan Tugas Kuliah/Semester 4/INTEGRASI APLIKASI ENTERPRISE/restful-api-playground/vendor/laravel/framework/src/Illuminate/Pipeline/Pipeline.php(144): Illuminate/Foundation/Http/Kernel->Illuminate/Foundation/Http/{closure}(Object(Illuminate/Http/Request))
#17 D:/Materi Dan Tugas Kuliah/Semester 4/INTEGRASI APLIKASI ENTERPRISE/restful-api-playground/vendor/laravel/framework/src/Illuminate/Foundation/Http/Middleware/TransformsRequest.php(21): Illuminate/Pipeline/Pipeline->Illuminate/Pipeline/{closure}(Object(Illuminate/Http/Request))
#18 D:/Materi Dan Tugas Kuliah/Semester 4/INTEGRASI APLIKASI ENTERPRISE/restful-api-playground/vendor/laravel/framework/src/Illuminate/Foundation/Http/Middleware/ConvertEmptyStringsToNull.php(31): Illuminate/Foundation/Http/Middleware/TransformsRequest->handle(Object(Illuminate/Http/Request), Object(Closure))
#19 D:/Materi Dan Tugas Kuliah/Semester 4/INTEGRASI APLIKASI ENTERPRISE/restful-api-playground/vendor/laravel/framework/src/Illuminate/Pipeline/Pipeline.php(183): Illuminate/Foundation/Http/Middleware/ConvertEmptyStringsToNull->handle(Object(Illuminate/Http/Request), Object(Closure))
#20 D:/Materi Dan Tugas Kuliah/Semester 4/INTEGRASI APLIKASI ENTERPRISE/restful-api-playground/vendor/laravel/framework/src/Illuminate/Foundation/Http/Middleware/TransformsRequest.php(21): Illuminate/Pipeline/Pipeline->Illuminate/Pipeline/{closure}(Object(Illuminate/Http/Request))
#21 D:/Materi Dan Tugas Kuliah/Semester 4/INTEGRASI APLIKASI ENTERPRISE/restful-api-playground/vendor/laravel/framework/src/Illuminate/Foundation/Http/Middleware/TrimStrings.php(40): Illuminate/Foundation/Http/Middleware/TransformsRequest->handle(Object(Illuminate/Http/Request), Object(Closure))
#22 D:/Materi Dan Tugas Kuliah/Semester 4/INTEGRASI APLIKASI ENTERPRISE/restful-api-playground/vendor/laravel/framework/src/Illuminate/Pipeline/Pipeline.php(183): Illuminate/Foundation/Http/Middleware/TrimStrings->handle(Object(Illuminate/Http/Request), Object(Closure))
#23 D:/Materi Dan Tugas Kuliah/Semester 4/INTEGRASI APLIKASI ENTERPRISE/restful-api-playground/vendor/laravel/framework/src/Illuminate/Foundation/Http/Middleware/ValidatePostSize.php(27): Illuminate/Pipeline/Pipeline->Illuminate/Pipeline/{closure}(Object(Illuminate/Http/Request))
#24 D:/Materi Dan Tugas Kuliah/Semester 4/INTEGRASI APLIKASI ENTERPRISE/restful-api-playground/vendor/laravel/framework/src/Illuminate/Pipeline/Pipeline.php(183): Illuminate/Foundation/Http/Middleware/ValidatePostSize->handle(Object(Illuminate/Http/Request), Object(Closure))
#25 D:/Materi Dan Tugas Kuliah/Semester 4/INTEGRASI APLIKASI ENTERPRISE/restful-api-playground/vendor/laravel/framework/src/Illuminate/Foundation/Http/Middleware/PreventRequestsDuringMaintenance.php(99): Illuminate/Pipeline/Pipeline->Illuminate/Pipeline/{closure}(Object(Illuminate/Http/Request))
#26 D:/Materi Dan Tugas Kuliah/Semester 4/INTEGRASI APLIKASI ENTERPRISE/restful-api-playground/vendor/laravel/framework/src/Illuminate/Pipeline/Pipeline.php(183): Illuminate/Foundation/Http/Middleware/PreventRequestsDuringMaintenance->handle(Object(Illuminate/Http/Request), Object(Closure))
#27 D:/Materi Dan Tugas Kuliah/Semester 4/INTEGRASI APLIKASI ENTERPRISE/restful-api-playground/vendor/laravel/framework/src/Illuminate/Http/Middleware/HandleCors.php(62): Illuminate/Pipeline/Pipeline->Illuminate/Pipeline/{closure}(Object(Illuminate/Http/Request))
#28 D:/Materi Dan Tugas Kuliah/Semester 4/INTEGRASI APLIKASI ENTERPRISE/restful-api-playground/vendor/laravel/framework/src/Illuminate/Pipeline/Pipeline.php(183): Illuminate/Http/Middleware/HandleCors->handle(Object(Illuminate/Http/Request), Object(Closure))
#29 D:/Materi Dan Tugas Kuliah/Semester 4/INTEGRASI APLIKASI ENTERPRISE/restful-api-playground/vendor/laravel/framework/src/Illuminate/Http/Middleware/TrustProxies.php(39): Illuminate/Pipeline/Pipeline->Illuminate/Pipeline/{closure}(Object(Illuminate/Http/Request))
#30 D:/Materi Dan Tugas Kuliah/Semester 4/INTEGRASI APLIKASI ENTERPRISE/restful-api-playground/vendor/laravel/framework/src/Illuminate/Pipeline/Pipeline.php(183): Illuminate/Http/Middleware/TrustProxies->handle(Object(Illuminate/Http/Request), Object(Closure))
#31 D:/Materi Dan Tugas Kuliah/Semester 4/INTEGRASI APLIKASI ENTERPRISE/restful-api-playground/vendor/laravel/framework/src/Illuminate/Pipeline/Pipeline.php(119): Illuminate/Pipeline/Pipeline->Illuminate/Pipeline/{closure}(Object(Illuminate/Http/Request))
#32 D:/Materi Dan Tugas Kuliah/Semester 4/INTEGRASI APLIKASI ENTERPRISE/restful-api-playground/vendor/laravel/framework/src/Illuminate/Foundation/Http/Kernel.php(175): Illuminate/Pipeline/Pipeline->then(Object(Closure))
#33 D:/Materi Dan Tugas Kuliah/Semester 4/INTEGRASI APLIKASI ENTERPRISE/restful-api-playground/vendor/laravel/framework/src/Illuminate/Foundation/Http/Kernel.php(144): Illuminate/Foundation/Http/Kernel->sendRequestThroughRouter(Object(Illuminate/Http/Request))
#34 D:/Materi Dan Tugas Kuliah/Semester 4/INTEGRASI APLIKASI ENTERPRISE/restful-api-playground/public/index.php(51): Illuminate/Foundation/Http/Kernel->handle(Object(Illuminate/Http/Request))
#35 D:/Materi Dan Tugas Kuliah/Semester 4/INTEGRASI APLIKASI ENTERPRISE/restful-api-playground/vendor/laravel/framework/src/Illuminate/Foundation/resources/server.php(16): require_once('D://Materi Dan T...')
#36 {main}
"} 
[2026-04-18 11:55:02] local.ERROR: Auth guard [api] is not defined. {"exception":"[object] (InvalidArgumentException(code: 0): Auth guard [api] is not defined. at D:/Materi Dan Tugas Kuliah/Semester 4/INTEGRASI APLIKASI ENTERPRISE/restful-api-playground/vendor/laravel/framework/src/Illuminate/Auth/AuthManager.php:86)
[stacktrace]
#0 D:/Materi Dan Tugas Kuliah/Semester 4/INTEGRASI APLIKASI ENTERPRISE/restful-api-playground/vendor/laravel/framework/src/Illuminate/Auth/AuthManager.php(70): Illuminate/Auth/AuthManager->resolve('api')
#1 D:/Materi Dan Tugas Kuliah/Semester 4/INTEGRASI APLIKASI ENTERPRISE/restful-api-playground/vendor/laravel/framework/src/Illuminate/Auth/AuthManager.php(57): Illuminate/Auth/AuthManager->guard('api')
#2 [internal function]: Illuminate/Auth/AuthManager->Illuminate/Auth/{closure}(NULL)
#3 D:/Materi Dan Tugas Kuliah/Semester 4/INTEGRASI APLIKASI ENTERPRISE/restful-api-playground/vendor/laravel/framework/src/Illuminate/Auth/AuthServiceProvider.php(89): call_user_func(Object(Closure), NULL)
#4 [internal function]: Illuminate/Auth/AuthServiceProvider->Illuminate/Auth/{closure}(NULL)
#5 D:/Materi Dan Tugas Kuliah/Semester 4/INTEGRASI APLIKASI ENTERPRISE/restful-api-playground/vendor/laravel/framework/src/Illuminate/Http/Request.php(607): call_user_func(Object(Closure), NULL)
#6 D:/Materi Dan Tugas Kuliah/Semester 4/INTEGRASI APLIKASI ENTERPRISE/restful-api-playground/app/Providers/RouteServiceProvider.php(45): Illuminate/Http/Request->user()
#7 D:/Materi Dan Tugas Kuliah/Semester 4/INTEGRASI APLIKASI ENTERPRISE/restful-api-playground/vendor/laravel/framework/src/Illuminate/Routing/Middleware/ThrottleRequests.php(117): App/Providers/RouteServiceProvider->App/Providers/{closure}(Object(Illuminate/Http/Request))
#8 D:/Materi Dan Tugas Kuliah/Semester 4/INTEGRASI APLIKASI ENTERPRISE/restful-api-playground/vendor/laravel/framework/src/Illuminate/Routing/Middleware/ThrottleRequests.php(87): Illuminate/Routing/Middleware/ThrottleRequests->handleRequestUsingNamedLimiter(Object(Illuminate/Http/Request), Object(Closure), 'api', Object(Closure))
#9 D:/Materi Dan Tugas Kuliah/Semester 4/INTEGRASI APLIKASI ENTERPRISE/restful-api-playground/vendor/laravel/framework/src/Illuminate/Pipeline/Pipeline.php(183): Illuminate/Routing/Middleware/ThrottleRequests->handle(Object(Illuminate/Http/Request), Object(Closure), 'api')
#10 D:/Materi Dan Tugas Kuliah/Semester 4/INTEGRASI APLIKASI ENTERPRISE/restful-api-playground/vendor/laravel/framework/src/Illuminate/Pipeline/Pipeline.php(119): Illuminate/Pipeline/Pipeline->Illuminate/Pipeline/{closure}(Object(Illuminate/Http/Request))
#11 D:/Materi Dan Tugas Kuliah/Semester 4/INTEGRASI APLIKASI ENTERPRISE/restful-api-playground/vendor/laravel/framework/src/Illuminate/Routing/Router.php(805): Illuminate/Pipeline/Pipeline->then(Object(Closure))
#12 D:/Materi Dan Tugas Kuliah/Semester 4/INTEGRASI APLIKASI ENTERPRISE/restful-api-playground/vendor/laravel/framework/src/Illuminate/Routing/Router.php(784): Illuminate/Routing/Router->runRouteWithinStack(Object(Illuminate/Routing/Route), Object(Illuminate/Http/Request))
#13 D:/Materi Dan Tugas Kuliah/Semester 4/INTEGRASI APLIKASI ENTERPRISE/restful-api-playground/vendor/laravel/framework/src/Illuminate/Routing/Router.php(748): Illuminate/Routing/Router->runRoute(Object(Illuminate/Http/Request), Object(Illuminate/Routing/Route))
#14 D:/Materi Dan Tugas Kuliah/Semester 4/INTEGRASI APLIKASI ENTERPRISE/restful-api-playground/vendor/laravel/framework/src/Illuminate/Routing/Router.php(737): Illuminate/Routing/Router->dispatchToRoute(Object(Illuminate/Http/Request))
#15 D:/Materi Dan Tugas Kuliah/Semester 4/INTEGRASI APLIKASI ENTERPRISE/restful-api-playground/vendor/laravel/framework/src/Illuminate/Foundation/Http/Kernel.php(200): Illuminate/Routing/Router->dispatch(Object(Illuminate/Http/Request))
#16 D:/Materi Dan Tugas Kuliah/Semester 4/INTEGRASI APLIKASI ENTERPRISE/restful-api-playground/vendor/laravel/framework/src/Illuminate/Pipeline/Pipeline.php(144): Illuminate/Foundation/Http/Kernel->Illuminate/Foundation/Http/{closure}(Object(Illuminate/Http/Request))
#17 D:/Materi Dan Tugas Kuliah/Semester 4/INTEGRASI APLIKASI ENTERPRISE/restful-api-playground/vendor/laravel/framework/src/Illuminate/Foundation/Http/Middleware/TransformsRequest.php(21): Illuminate/Pipeline/Pipeline->Illuminate/Pipeline/{closure}(Object(Illuminate/Http/Request))
#18 D:/Materi Dan Tugas Kuliah/Semester 4/INTEGRASI APLIKASI ENTERPRISE/restful-api-playground/vendor/laravel/framework/src/Illuminate/Foundation/Http/Middleware/ConvertEmptyStringsToNull.php(31): Illuminate/Foundation/Http/Middleware/TransformsRequest->handle(Object(Illuminate/Http/Request), Object(Closure))
#19 D:/Materi Dan Tugas Kuliah/Semester 4/INTEGRASI APLIKASI ENTERPRISE/restful-api-playground/vendor/laravel/framework/src/Illuminate/Pipeline/Pipeline.php(183): Illuminate/Foundation/Http/Middleware/ConvertEmptyStringsToNull->handle(Object(Illuminate/Http/Request), Object(Closure))
#20 D:/Materi Dan Tugas Kuliah/Semester 4/INTEGRASI APLIKASI ENTERPRISE/restful-api-playground/vendor/laravel/framework/src/Illuminate/Foundation/Http/Middleware/TransformsRequest.php(21): Illuminate/Pipeline/Pipeline->Illuminate/Pipeline/{closure}(Object(Illuminate/Http/Request))
#21 D:/Materi Dan Tugas Kuliah/Semester 4/INTEGRASI APLIKASI ENTERPRISE/restful-api-playground/vendor/laravel/framework/src/Illuminate/Foundation/Http/Middleware/TrimStrings.php(40): Illuminate/Foundation/Http/Middleware/TransformsRequest->handle(Object(Illuminate/Http/Request), Object(Closure))
#22 D:/Materi Dan Tugas Kuliah/Semester 4/INTEGRASI APLIKASI ENTERPRISE/restful-api-playground/vendor/laravel/framework/src/Illuminate/Pipeline/Pipeline.php(183): Illuminate/Foundation/Http/Middleware/TrimStrings->handle(Object(Illuminate/Http/Request), Object(Closure))
#23 D:/Materi Dan Tugas Kuliah/Semester 4/INTEGRASI APLIKASI ENTERPRISE/restful-api-playground/vendor/laravel/framework/src/Illuminate/Foundation/Http/Middleware/ValidatePostSize.php(27): Illuminate/Pipeline/Pipeline->Illuminate/Pipeline/{closure}(Object(Illuminate/Http/Request))
#24 D:/Materi Dan Tugas Kuliah/Semester 4/INTEGRASI APLIKASI ENTERPRISE/restful-api-playground/vendor/laravel/framework/src/Illuminate/Pipeline/Pipeline.php(183): Illuminate/Foundation/Http/Middleware/ValidatePostSize->handle(Object(Illuminate/Http/Request), Object(Closure))
#25 D:/Materi Dan Tugas Kuliah/Semester 4/INTEGRASI APLIKASI ENTERPRISE/restful-api-playground/vendor/laravel/framework/src/Illuminate/Foundation/Http/Middleware/PreventRequestsDuringMaintenance.php(99): Illuminate/Pipeline/Pipeline->Illuminate/Pipeline/{closure}(Object(Illuminate/Http/Request))
#26 D:/Materi Dan Tugas Kuliah/Semester 4/INTEGRASI APLIKASI ENTERPRISE/restful-api-playground/vendor/laravel/framework/src/Illuminate/Pipeline/Pipeline.php(183): Illuminate/Foundation/Http/Middleware/PreventRequestsDuringMaintenance->handle(Object(Illuminate/Http/Request), Object(Closure))
#27 D:/Materi Dan Tugas Kuliah/Semester 4/INTEGRASI APLIKASI ENTERPRISE/restful-api-playground/vendor/laravel/framework/src/Illuminate/Http/Middleware/HandleCors.php(62): Illuminate/Pipeline/Pipeline->Illuminate/Pipeline/{closure}(Object(Illuminate/Http/Request))
#28 D:/Materi Dan Tugas Kuliah/Semester 4/INTEGRASI APLIKASI ENTERPRISE/restful-api-playground/vendor/laravel/framework/src/Illuminate/Pipeline/Pipeline.php(183): Illuminate/Http/Middleware/HandleCors->handle(Object(Illuminate/Http/Request), Object(Closure))
#29 D:/Materi Dan Tugas Kuliah/Semester 4/INTEGRASI APLIKASI ENTERPRISE/restful-api-playground/vendor/laravel/framework/src/Illuminate/Http/Middleware/TrustProxies.php(39): Illuminate/Pipeline/Pipeline->Illuminate/Pipeline/{closure}(Object(Illuminate/Http/Request))
#30 D:/Materi Dan Tugas Kuliah/Semester 4/INTEGRASI APLIKASI ENTERPRISE/restful-api-playground/vendor/laravel/framework/src/Illuminate/Pipeline/Pipeline.php(183): Illuminate/Http/Middleware/TrustProxies->handle(Object(Illuminate/Http/Request), Object(Closure))
#31 D:/Materi Dan Tugas Kuliah/Semester 4/INTEGRASI APLIKASI ENTERPRISE/restful-api-playground/vendor/laravel/framework/src/Illuminate/Pipeline/Pipeline.php(119): Illuminate/Pipeline/Pipeline->Illuminate/Pipeline/{closure}(Object(Illuminate/Http/Request))
#32 D:/Materi Dan Tugas Kuliah/Semester 4/INTEGRASI APLIKASI ENTERPRISE/restful-api-playground/vendor/laravel/framework/src/Illuminate/Foundation/Http/Kernel.php(175): Illuminate/Pipeline/Pipeline->then(Object(Closure))
#33 D:/Materi Dan Tugas Kuliah/Semester 4/INTEGRASI APLIKASI ENTERPRISE/restful-api-playground/vendor/laravel/framework/src/Illuminate/Foundation/Http/Kernel.php(144): Illuminate/Foundation/Http/Kernel->sendRequestThroughRouter(Object(Illuminate/Http/Request))
#34 D:/Materi Dan Tugas Kuliah/Semester 4/INTEGRASI APLIKASI ENTERPRISE/restful-api-playground/public/index.php(51): Illuminate/Foundation/Http/Kernel->handle(Object(Illuminate/Http/Request))
#35 D:/Materi Dan Tugas Kuliah/Semester 4/INTEGRASI APLIKASI ENTERPRISE/restful-api-playground/vendor/laravel/framework/src/Illuminate/Foundation/resources/server.php(16): require_once('D://Materi Dan T...')
#36 {main}
"} 
